TN:
SF:/home/usup/Desktop/CPP2_s21_containers-0/src/general_btee.h
FN:18,_ZN3s2113StructGeneralIiEC2Ei
FN:18,_ZN3s2113StructGeneralISt4pairIKiiEEC2ES3_
FN:18,_ZN3s2113StructGeneralISt4pairIKiNSt7__cxx1112basic_stringIcSt11char_traitsIcESaIcEEEEEC2ES9_
FN:18,_ZN3s2113StructGeneralINSt7__cxx1112basic_stringIcSt11char_traitsIcESaIcEEEEC2ES6_
FN:26,_ZN3s2112ClosestRightIKNS_13StructGeneralINSt7__cxx1112basic_stringIcSt11char_traitsIcESaIcEEEEEEEPT_SB_
FN:26,_ZN3s2112ClosestRightIKNS_13StructGeneralISt4pairIKiNSt7__cxx1112basic_stringIcSt11char_traitsIcESaIcEEEEEEEEPT_SE_
FN:26,_ZN3s2112ClosestRightIKNS_13StructGeneralIiEEEEPT_S5_
FN:26,_ZN3s2112ClosestRightINS_13StructGeneralISt4pairIKiNSt7__cxx1112basic_stringIcSt11char_traitsIcESaIcEEEEEEEEPT_SD_
FN:26,_ZN3s2112ClosestRightINS_13StructGeneralIiEEEEPT_S4_
FN:26,_ZN3s2112ClosestRightIKNS_13StructGeneralISt4pairIKiiEEEEEPT_S8_
FN:26,_ZN3s2112ClosestRightINS_13StructGeneralINSt7__cxx1112basic_stringIcSt11char_traitsIcESaIcEEEEEEEPT_SA_
FN:26,_ZN3s2112ClosestRightINS_13StructGeneralISt4pairIKiiEEEEEPT_S7_
FN:43,_ZN3s2111ClosestLeftINS_13StructGeneralIiEEEEPT_S4_
FN:43,_ZN3s2111ClosestLeftIKNS_13StructGeneralISt4pairIKiNSt7__cxx1112basic_stringIcSt11char_traitsIcESaIcEEEEEEEEPT_SE_
FN:43,_ZN3s2111ClosestLeftINS_13StructGeneralINSt7__cxx1112basic_stringIcSt11char_traitsIcESaIcEEEEEEEPT_SA_
FN:43,_ZN3s2111ClosestLeftINS_13StructGeneralISt4pairIKiNSt7__cxx1112basic_stringIcSt11char_traitsIcESaIcEEEEEEEEPT_SD_
FN:43,_ZN3s2111ClosestLeftINS_13StructGeneralISt4pairIKiiEEEEEPT_S7_
FN:43,_ZN3s2111ClosestLeftIKNS_13StructGeneralINSt7__cxx1112basic_stringIcSt11char_traitsIcESaIcEEEEEEEPT_SB_
FN:72,_ZN3s2115IteratorGeneralIiSt4lessIiEEC2EPNS_13StructGeneralIiEEm
FN:72,_ZN3s2115IteratorGeneralISt4pairIKiiENS_10My_CompareIS3_St7greaterIiEEEEC2EPNS_13StructGeneralIS3_EEm
FN:72,_ZN3s2115IteratorGeneralISt4pairIKiNSt7__cxx1112basic_stringIcSt11char_traitsIcESaIcEEEENS_10My_CompareIS9_St7greaterIiEEEEC2EPNS_13StructGeneralIS9_EEm
FN:72,_ZN3s2115IteratorGeneralISt4pairIKiiENS_10My_CompareIS3_St4lessIiEEEEC2EPNS_13StructGeneralIS3_EEm
FN:72,_ZN3s2115IteratorGeneralIiSt7greaterIiEEC2EPNS_13StructGeneralIiEEm
FN:72,_ZN3s2115IteratorGeneralISt4pairIKiNSt7__cxx1112basic_stringIcSt11char_traitsIcESaIcEEEENS_10My_CompareIS9_St4lessIiEEEEC2EPNS_13StructGeneralIS9_EEm
FN:72,_ZN3s2115IteratorGeneralINSt7__cxx1112basic_stringIcSt11char_traitsIcESaIcEEESt7greaterIS6_EEC2EPNS_13StructGeneralIS6_EEm
FN:72,_ZN3s2115IteratorGeneralINSt7__cxx1112basic_stringIcSt11char_traitsIcESaIcEEESt4lessIS6_EEC2EPNS_13StructGeneralIS6_EEm
FN:74,_ZNK3s2115IteratorGeneralIiSt4lessIiEEdeEv
FN:74,_ZNK3s2115IteratorGeneralISt4pairIKiNSt7__cxx1112basic_stringIcSt11char_traitsIcESaIcEEEENS_10My_CompareIS9_St4lessIiEEEEdeEv
FN:74,_ZNK3s2115IteratorGeneralIiSt7greaterIiEEdeEv
FN:74,_ZNK3s2115IteratorGeneralISt4pairIKiiENS_10My_CompareIS3_St7greaterIiEEEEdeEv
FN:74,_ZNK3s2115IteratorGeneralINSt7__cxx1112basic_stringIcSt11char_traitsIcESaIcEEESt4lessIS6_EEdeEv
FN:74,_ZNK3s2115IteratorGeneralISt4pairIKiiENS_10My_CompareIS3_St4lessIiEEEEdeEv
FN:75,_ZNK3s2115IteratorGeneralISt4pairIKiNSt7__cxx1112basic_stringIcSt11char_traitsIcESaIcEEEENS_10My_CompareIS9_St4lessIiEEEEptEv
FN:75,_ZNK3s2115IteratorGeneralISt4pairIKiiENS_10My_CompareIS3_St4lessIiEEEEptEv
FN:76,_ZN3s2115IteratorGeneralIiSt7greaterIiEEppEv
FN:76,_ZN3s2115IteratorGeneralINSt7__cxx1112basic_stringIcSt11char_traitsIcESaIcEEESt4lessIS6_EEppEv
FN:76,_ZN3s2115IteratorGeneralISt4pairIKiiENS_10My_CompareIS3_St4lessIiEEEEppEv
FN:76,_ZN3s2115IteratorGeneralISt4pairIKiiENS_10My_CompareIS3_St7greaterIiEEEEppEv
FN:76,_ZN3s2115IteratorGeneralIiSt4lessIiEEppEv
FN:76,_ZN3s2115IteratorGeneralISt4pairIKiNSt7__cxx1112basic_stringIcSt11char_traitsIcESaIcEEEENS_10My_CompareIS9_St4lessIiEEEEppEv
FN:85,_ZN3s2115IteratorGeneralIiSt7greaterIiEEppEi
FN:85,_ZN3s2115IteratorGeneralISt4pairIKiiENS_10My_CompareIS3_St7greaterIiEEEEppEi
FN:85,_ZN3s2115IteratorGeneralISt4pairIKiiENS_10My_CompareIS3_St4lessIiEEEEppEi
FN:85,_ZN3s2115IteratorGeneralISt4pairIKiNSt7__cxx1112basic_stringIcSt11char_traitsIcESaIcEEEENS_10My_CompareIS9_St4lessIiEEEEppEi
FN:85,_ZN3s2115IteratorGeneralIiSt4lessIiEEppEi
FN:85,_ZN3s2115IteratorGeneralINSt7__cxx1112basic_stringIcSt11char_traitsIcESaIcEEESt4lessIS6_EEppEi
FN:90,_ZN3s2115IteratorGeneralINSt7__cxx1112basic_stringIcSt11char_traitsIcESaIcEEESt4lessIS6_EEmmEv
FN:90,_ZN3s2115IteratorGeneralISt4pairIKiNSt7__cxx1112basic_stringIcSt11char_traitsIcESaIcEEEENS_10My_CompareIS9_St4lessIiEEEEmmEv
FN:90,_ZN3s2115IteratorGeneralIiSt7greaterIiEEmmEv
FN:90,_ZN3s2115IteratorGeneralISt4pairIKiiENS_10My_CompareIS3_St7greaterIiEEEEmmEv
FN:99,_ZN3s2115IteratorGeneralISt4pairIKiNSt7__cxx1112basic_stringIcSt11char_traitsIcESaIcEEEENS_10My_CompareIS9_St4lessIiEEEEmmEi
FN:99,_ZN3s2115IteratorGeneralISt4pairIKiiENS_10My_CompareIS3_St7greaterIiEEEEmmEi
FN:99,_ZN3s2115IteratorGeneralIiSt7greaterIiEEmmEi
FN:99,_ZN3s2115IteratorGeneralINSt7__cxx1112basic_stringIcSt11char_traitsIcESaIcEEESt4lessIS6_EEmmEi
FN:104,_ZNK3s2115IteratorGeneralINSt7__cxx1112basic_stringIcSt11char_traitsIcESaIcEEESt4lessIS6_EEeqERKS9_
FN:104,_ZNK3s2115IteratorGeneralISt4pairIKiNSt7__cxx1112basic_stringIcSt11char_traitsIcESaIcEEEENS_10My_CompareIS9_St4lessIiEEEEeqERKSE_
FN:104,_ZNK3s2115IteratorGeneralIiSt7greaterIiEEeqERKS3_
FN:104,_ZNK3s2115IteratorGeneralISt4pairIKiiENS_10My_CompareIS3_St4lessIiEEEEeqERKS8_
FN:104,_ZNK3s2115IteratorGeneralISt4pairIKiiENS_10My_CompareIS3_St7greaterIiEEEEeqERKS8_
FN:110,_ZNK3s2115IteratorGeneralIiSt7greaterIiEEneERKS3_
FN:110,_ZNK3s2115IteratorGeneralISt4pairIKiNSt7__cxx1112basic_stringIcSt11char_traitsIcESaIcEEEENS_10My_CompareIS9_St4lessIiEEEEneERKSE_
FN:110,_ZNK3s2115IteratorGeneralINSt7__cxx1112basic_stringIcSt11char_traitsIcESaIcEEESt4lessIS6_EEneERKS9_
FN:110,_ZNK3s2115IteratorGeneralISt4pairIKiiENS_10My_CompareIS3_St7greaterIiEEEEneERKS8_
FN:135,_ZN3s2120IteratorGeneralConstISt4pairIKiNSt7__cxx1112basic_stringIcSt11char_traitsIcESaIcEEEENS_10My_CompareIS9_St4lessIiEEEEC2EPNS_13StructGeneralIS9_EEm
FN:135,_ZN3s2120IteratorGeneralConstIiSt4lessIiEEC2EPNS_13StructGeneralIiEEm
FN:135,_ZN3s2120IteratorGeneralConstINSt7__cxx1112basic_stringIcSt11char_traitsIcESaIcEEESt7greaterIS6_EEC2EPNS_13StructGeneralIS6_EEm
FN:135,_ZN3s2120IteratorGeneralConstISt4pairIKiiENS_10My_CompareIS3_St4lessIiEEEEC2EPNS_13StructGeneralIS3_EEm
FN:135,_ZN3s2120IteratorGeneralConstISt4pairIKiiENS_10My_CompareIS3_St7greaterIiEEEEC2EPNS_13StructGeneralIS3_EEm
FN:135,_ZN3s2120IteratorGeneralConstISt4pairIKiNSt7__cxx1112basic_stringIcSt11char_traitsIcESaIcEEEENS_10My_CompareIS9_St7greaterIiEEEEC2EPNS_13StructGeneralIS9_EEm
FN:135,_ZN3s2120IteratorGeneralConstINSt7__cxx1112basic_stringIcSt11char_traitsIcESaIcEEESt4lessIS6_EEC2EPNS_13StructGeneralIS6_EEm
FN:135,_ZN3s2120IteratorGeneralConstIiSt7greaterIiEEC2EPNS_13StructGeneralIiEEm
FN:139,_ZNK3s2120IteratorGeneralConstISt4pairIKiNSt7__cxx1112basic_stringIcSt11char_traitsIcESaIcEEEENS_10My_CompareIS9_St7greaterIiEEEEdeEv
FN:139,_ZNK3s2120IteratorGeneralConstISt4pairIKiiENS_10My_CompareIS3_St4lessIiEEEEdeEv
FN:139,_ZNK3s2120IteratorGeneralConstIiSt4lessIiEEdeEv
FN:139,_ZNK3s2120IteratorGeneralConstINSt7__cxx1112basic_stringIcSt11char_traitsIcESaIcEEESt4lessIS6_EEdeEv
FN:139,_ZNK3s2120IteratorGeneralConstISt4pairIKiNSt7__cxx1112basic_stringIcSt11char_traitsIcESaIcEEEENS_10My_CompareIS9_St4lessIiEEEEdeEv
FN:139,_ZNK3s2120IteratorGeneralConstINSt7__cxx1112basic_stringIcSt11char_traitsIcESaIcEEESt7greaterIS6_EEdeEv
FN:139,_ZNK3s2120IteratorGeneralConstISt4pairIKiiENS_10My_CompareIS3_St7greaterIiEEEEdeEv
FN:139,_ZNK3s2120IteratorGeneralConstIiSt7greaterIiEEdeEv
FN:141,_ZN3s2120IteratorGeneralConstISt4pairIKiiENS_10My_CompareIS3_St7greaterIiEEEEppEv
FN:141,_ZN3s2120IteratorGeneralConstIiSt7greaterIiEEppEv
FN:141,_ZN3s2120IteratorGeneralConstISt4pairIKiNSt7__cxx1112basic_stringIcSt11char_traitsIcESaIcEEEENS_10My_CompareIS9_St4lessIiEEEEppEv
FN:141,_ZN3s2120IteratorGeneralConstISt4pairIKiNSt7__cxx1112basic_stringIcSt11char_traitsIcESaIcEEEENS_10My_CompareIS9_St7greaterIiEEEEppEv
FN:141,_ZN3s2120IteratorGeneralConstINSt7__cxx1112basic_stringIcSt11char_traitsIcESaIcEEESt4lessIS6_EEppEv
FN:141,_ZN3s2120IteratorGeneralConstINSt7__cxx1112basic_stringIcSt11char_traitsIcESaIcEEESt7greaterIS6_EEppEv
FN:150,_ZN3s2120IteratorGeneralConstIiSt7greaterIiEEppEi
FN:150,_ZN3s2120IteratorGeneralConstINSt7__cxx1112basic_stringIcSt11char_traitsIcESaIcEEESt7greaterIS6_EEppEi
FN:150,_ZN3s2120IteratorGeneralConstINSt7__cxx1112basic_stringIcSt11char_traitsIcESaIcEEESt4lessIS6_EEppEi
FN:150,_ZN3s2120IteratorGeneralConstISt4pairIKiiENS_10My_CompareIS3_St7greaterIiEEEEppEi
FN:150,_ZN3s2120IteratorGeneralConstISt4pairIKiNSt7__cxx1112basic_stringIcSt11char_traitsIcESaIcEEEENS_10My_CompareIS9_St4lessIiEEEEppEi
FN:150,_ZN3s2120IteratorGeneralConstISt4pairIKiNSt7__cxx1112basic_stringIcSt11char_traitsIcESaIcEEEENS_10My_CompareIS9_St7greaterIiEEEEppEi
FN:155,_ZN3s2120IteratorGeneralConstINSt7__cxx1112basic_stringIcSt11char_traitsIcESaIcEEESt4lessIS6_EEmmEv
FN:155,_ZN3s2120IteratorGeneralConstISt4pairIKiNSt7__cxx1112basic_stringIcSt11char_traitsIcESaIcEEEENS_10My_CompareIS9_St4lessIiEEEEmmEv
FN:164,_ZN3s2120IteratorGeneralConstINSt7__cxx1112basic_stringIcSt11char_traitsIcESaIcEEESt4lessIS6_EEmmEi
FN:169,_ZNK3s2120IteratorGeneralConstINSt7__cxx1112basic_stringIcSt11char_traitsIcESaIcEEESt4lessIS6_EEeqERKS9_
FN:169,_ZNK3s2120IteratorGeneralConstISt4pairIKiiENS_10My_CompareIS3_St4lessIiEEEEeqERKS8_
FN:175,_ZNK3s2120IteratorGeneralConstISt4pairIKiNSt7__cxx1112basic_stringIcSt11char_traitsIcESaIcEEEENS_10My_CompareIS9_St7greaterIiEEEEneERKSE_
FN:175,_ZNK3s2120IteratorGeneralConstINSt7__cxx1112basic_stringIcSt11char_traitsIcESaIcEEESt4lessIS6_EEneERKS9_
FN:175,_ZNK3s2120IteratorGeneralConstISt4pairIKiiENS_10My_CompareIS3_St4lessIiEEEEneERKS8_
FN:175,_ZNK3s2120IteratorGeneralConstINSt7__cxx1112basic_stringIcSt11char_traitsIcESaIcEEESt7greaterIS6_EEneERKS9_
FN:175,_ZNK3s2120IteratorGeneralConstISt4pairIKiNSt7__cxx1112basic_stringIcSt11char_traitsIcESaIcEEEENS_10My_CompareIS9_St4lessIiEEEEneERKSE_
FN:175,_ZNK3s2120IteratorGeneralConstISt4pairIKiiENS_10My_CompareIS3_St7greaterIiEEEEneERKS8_
FN:175,_ZNK3s2120IteratorGeneralConstIiSt4lessIiEEneERKS3_
FN:175,_ZNK3s2120IteratorGeneralConstIiSt7greaterIiEEneERKS3_
FN:193,_ZN3s215BTreeISt4pairIKiNSt7__cxx1112basic_stringIcSt11char_traitsIcESaIcEEEENS_10My_CompareIS9_St4lessIiEEEEC2Ev
FN:193,_ZN3s215BTreeINSt7__cxx1112basic_stringIcSt11char_traitsIcESaIcEEESt4lessIS6_EEC2Ev
FN:196,_ZN3s215BTreeISt4pairIKiiENS_10My_CompareIS3_St4lessIiEEEEC2IPKS3_EET_SC_b
FN:196,_ZN3s215BTreeIiSt4lessIiEEC2IPKiEET_S7_b
FN:196,_ZN3s215BTreeISt4pairIKiNSt7__cxx1112basic_stringIcSt11char_traitsIcESaIcEEEENS_10My_CompareIS9_St4lessIiEEEEC2INS_15IteratorGeneralIS9_SD_EEEET_SI_b
FN:196,_ZN3s215BTreeISt4pairIKiiENS_10My_CompareIS3_St7greaterIiEEEEC2IPKS3_EET_SC_b
FN:196,_ZN3s215BTreeIiSt7greaterIiEEC2INS_15IteratorGeneralIiS2_EEEET_S7_b
FN:196,_ZN3s215BTreeISt4pairIKiiENS_10My_CompareIS3_St7greaterIiEEEEC2INS_15IteratorGeneralIS3_S7_EEEET_SC_b
FN:196,_ZN3s215BTreeINSt7__cxx1112basic_stringIcSt11char_traitsIcESaIcEEESt4lessIS6_EEC2INS_15IteratorGeneralIS6_S8_EEEET_SD_b
FN:196,_ZN3s215BTreeINSt7__cxx1112basic_stringIcSt11char_traitsIcESaIcEEESt7greaterIS6_EEC2IPKS6_EET_SD_b
FN:196,_ZN3s215BTreeISt4pairIKiNSt7__cxx1112basic_stringIcSt11char_traitsIcESaIcEEEENS_10My_CompareIS9_St4lessIiEEEEC2IPKS9_EET_SI_b
FN:196,_ZN3s215BTreeISt4pairIKiNSt7__cxx1112basic_stringIcSt11char_traitsIcESaIcEEEENS_10My_CompareIS9_St7greaterIiEEEEC2IPKS9_EET_SI_b
FN:196,_ZN3s215BTreeINSt7__cxx1112basic_stringIcSt11char_traitsIcESaIcEEESt4lessIS6_EEC2IPKS6_EET_SD_b
FN:196,_ZN3s215BTreeIiSt7greaterIiEEC2IPKiEET_S7_b
FN:209,_ZN3s215BTreeISt4pairIKiNSt7__cxx1112basic_stringIcSt11char_traitsIcESaIcEEEENS_10My_CompareIS9_St7greaterIiEEEEC2ERKSE_
FN:209,_ZN3s215BTreeINSt7__cxx1112basic_stringIcSt11char_traitsIcESaIcEEESt4lessIS6_EEC2ERKS9_
FN:209,_ZN3s215BTreeINSt7__cxx1112basic_stringIcSt11char_traitsIcESaIcEEESt7greaterIS6_EEC2ERKS9_
FN:209,_ZN3s215BTreeIiSt7greaterIiEEC2ERKS3_
FN:209,_ZN3s215BTreeISt4pairIKiNSt7__cxx1112basic_stringIcSt11char_traitsIcESaIcEEEENS_10My_CompareIS9_St4lessIiEEEEC2ERKSE_
FN:209,_ZN3s215BTreeISt4pairIKiiENS_10My_CompareIS3_St7greaterIiEEEEC2ERKS8_
FN:223,_ZN3s215BTreeISt4pairIKiiENS_10My_CompareIS3_St4lessIiEEEEC2EOS8_
FN:223,_ZN3s215BTreeIiSt4lessIiEEC2EOS3_
FN:225,_ZN3s215BTreeISt4pairIKiNSt7__cxx1112basic_stringIcSt11char_traitsIcESaIcEEEENS_10My_CompareIS9_St4lessIiEEEEaSERKSE_
FN:225,_ZN3s215BTreeINSt7__cxx1112basic_stringIcSt11char_traitsIcESaIcEEESt7greaterIS6_EEaSERKS9_
FN:225,_ZN3s215BTreeIiSt7greaterIiEEaSERKS3_
FN:225,_ZN3s215BTreeISt4pairIKiNSt7__cxx1112basic_stringIcSt11char_traitsIcESaIcEEEENS_10My_CompareIS9_St7greaterIiEEEEaSERKSE_
FN:225,_ZN3s215BTreeISt4pairIKiiENS_10My_CompareIS3_St7greaterIiEEEEaSERKS8_
FN:225,_ZN3s215BTreeINSt7__cxx1112basic_stringIcSt11char_traitsIcESaIcEEESt4lessIS6_EEaSERKS9_
FN:231,_ZN3s215BTreeISt4pairIKiiENS_10My_CompareIS3_St4lessIiEEEEaSEOS8_
FN:231,_ZN3s215BTreeIiSt4lessIiEEaSEOS3_
FN:236,_ZN3s215BTreeISt4pairIKiNSt7__cxx1112basic_stringIcSt11char_traitsIcESaIcEEEENS_10My_CompareIS9_St7greaterIiEEEED2Ev
FN:236,_ZN3s215BTreeINSt7__cxx1112basic_stringIcSt11char_traitsIcESaIcEEESt4lessIS6_EED2Ev
FN:236,_ZN3s215BTreeISt4pairIKiiENS_10My_CompareIS3_St7greaterIiEEEED2Ev
FN:236,_ZN3s215BTreeISt4pairIKiiENS_10My_CompareIS3_St4lessIiEEEED2Ev
FN:236,_ZN3s215BTreeISt4pairIKiNSt7__cxx1112basic_stringIcSt11char_traitsIcESaIcEEEENS_10My_CompareIS9_St4lessIiEEEED2Ev
FN:236,_ZN3s215BTreeIiSt7greaterIiEED2Ev
FN:236,_ZN3s215BTreeINSt7__cxx1112basic_stringIcSt11char_traitsIcESaIcEEESt7greaterIS6_EED2Ev
FN:236,_ZN3s215BTreeIiSt4lessIiEED2Ev
FN:241,_ZNK3s215BTreeIiSt7greaterIiEEltERS3_
FN:241,_ZNK3s215BTreeISt4pairIKiNSt7__cxx1112basic_stringIcSt11char_traitsIcESaIcEEEENS_10My_CompareIS9_St4lessIiEEEEltERSE_
FN:241,_ZNK3s215BTreeINSt7__cxx1112basic_stringIcSt11char_traitsIcESaIcEEESt7greaterIS6_EEltERS9_
FN:241,_ZNK3s215BTreeISt4pairIKiNSt7__cxx1112basic_stringIcSt11char_traitsIcESaIcEEEENS_10My_CompareIS9_St7greaterIiEEEEltERSE_
FN:241,_ZNK3s215BTreeINSt7__cxx1112basic_stringIcSt11char_traitsIcESaIcEEESt4lessIS6_EEltERS9_
FN:241,_ZNK3s215BTreeISt4pairIKiiENS_10My_CompareIS3_St7greaterIiEEEEltERS8_
FN:242,_ZNK3s215BTreeISt4pairIKiNSt7__cxx1112basic_stringIcSt11char_traitsIcESaIcEEEENS_10My_CompareIS9_St7greaterIiEEEEgtERSE_
FN:242,_ZNK3s215BTreeINSt7__cxx1112basic_stringIcSt11char_traitsIcESaIcEEESt7greaterIS6_EEgtERS9_
FN:242,_ZNK3s215BTreeINSt7__cxx1112basic_stringIcSt11char_traitsIcESaIcEEESt4lessIS6_EEgtERS9_
FN:242,_ZNK3s215BTreeISt4pairIKiNSt7__cxx1112basic_stringIcSt11char_traitsIcESaIcEEEENS_10My_CompareIS9_St4lessIiEEEEgtERSE_
FN:242,_ZNK3s215BTreeISt4pairIKiiENS_10My_CompareIS3_St7greaterIiEEEEgtERS8_
FN:242,_ZNK3s215BTreeIiSt7greaterIiEEgtERS3_
FN:243,_ZNK3s215BTreeIiSt7greaterIiEEeqERS3_
FN:243,_ZNK3s215BTreeISt4pairIKiNSt7__cxx1112basic_stringIcSt11char_traitsIcESaIcEEEENS_10My_CompareIS9_St4lessIiEEEEeqERSE_
FN:243,_ZNK3s215BTreeISt4pairIKiNSt7__cxx1112basic_stringIcSt11char_traitsIcESaIcEEEENS_10My_CompareIS9_St7greaterIiEEEEeqERSE_
FN:243,_ZNK3s215BTreeINSt7__cxx1112basic_stringIcSt11char_traitsIcESaIcEEESt4lessIS6_EEeqERS9_
FN:243,_ZNK3s215BTreeISt4pairIKiiENS_10My_CompareIS3_St7greaterIiEEEEeqERS8_
FN:243,_ZNK3s215BTreeINSt7__cxx1112basic_stringIcSt11char_traitsIcESaIcEEESt7greaterIS6_EEeqERS9_
FN:244,_ZNK3s215BTreeISt4pairIKiiENS_10My_CompareIS3_St7greaterIiEEEEneERS8_
FN:244,_ZNK3s215BTreeIiSt7greaterIiEEneERS3_
FN:244,_ZNK3s215BTreeINSt7__cxx1112basic_stringIcSt11char_traitsIcESaIcEEESt4lessIS6_EEneERS9_
FN:244,_ZNK3s215BTreeINSt7__cxx1112basic_stringIcSt11char_traitsIcESaIcEEESt7greaterIS6_EEneERS9_
FN:244,_ZNK3s215BTreeISt4pairIKiNSt7__cxx1112basic_stringIcSt11char_traitsIcESaIcEEEENS_10My_CompareIS9_St4lessIiEEEEneERSE_
FN:244,_ZNK3s215BTreeISt4pairIKiNSt7__cxx1112basic_stringIcSt11char_traitsIcESaIcEEEENS_10My_CompareIS9_St7greaterIiEEEEneERSE_
FN:245,_ZNK3s215BTreeIiSt7greaterIiEEleERS3_
FN:245,_ZNK3s215BTreeINSt7__cxx1112basic_stringIcSt11char_traitsIcESaIcEEESt4lessIS6_EEleERS9_
FN:245,_ZNK3s215BTreeINSt7__cxx1112basic_stringIcSt11char_traitsIcESaIcEEESt7greaterIS6_EEleERS9_
FN:245,_ZNK3s215BTreeISt4pairIKiNSt7__cxx1112basic_stringIcSt11char_traitsIcESaIcEEEENS_10My_CompareIS9_St4lessIiEEEEleERSE_
FN:245,_ZNK3s215BTreeISt4pairIKiiENS_10My_CompareIS3_St7greaterIiEEEEleERS8_
FN:245,_ZNK3s215BTreeISt4pairIKiNSt7__cxx1112basic_stringIcSt11char_traitsIcESaIcEEEENS_10My_CompareIS9_St7greaterIiEEEEleERSE_
FN:246,_ZNK3s215BTreeISt4pairIKiNSt7__cxx1112basic_stringIcSt11char_traitsIcESaIcEEEENS_10My_CompareIS9_St4lessIiEEEEgeERSE_
FN:246,_ZNK3s215BTreeISt4pairIKiNSt7__cxx1112basic_stringIcSt11char_traitsIcESaIcEEEENS_10My_CompareIS9_St7greaterIiEEEEgeERSE_
FN:246,_ZNK3s215BTreeISt4pairIKiiENS_10My_CompareIS3_St7greaterIiEEEEgeERS8_
FN:246,_ZNK3s215BTreeINSt7__cxx1112basic_stringIcSt11char_traitsIcESaIcEEESt4lessIS6_EEgeERS9_
FN:246,_ZNK3s215BTreeINSt7__cxx1112basic_stringIcSt11char_traitsIcESaIcEEESt7greaterIS6_EEgeERS9_
FN:246,_ZNK3s215BTreeIiSt7greaterIiEEgeERS3_
FN:249,_ZN3s215BTreeISt4pairIKiiENS_10My_CompareIS3_St7greaterIiEEEE7emplaceIJS3_S3_S3_S3_EEESt6vectorIS1_INS_15IteratorGeneralIS3_S7_EEbESaISD_EEbDpOT_
FN:249,_ZN3s215BTreeINSt7__cxx1112basic_stringIcSt11char_traitsIcESaIcEEESt4lessIS6_EE7emplaceIJRA2_KcSD_SD_RA3_SB_SF_SF_RA4_SB_EEESt6vectorISt4pairINS_15IteratorGeneralIS6_S8_EEbESaISM_EEbDpOT_
FN:249,_ZN3s215BTreeISt4pairIKiNSt7__cxx1112basic_stringIcSt11char_traitsIcESaIcEEEENS_10My_CompareIS9_St4lessIiEEEE7emplaceIJS9_S9_S9_EEESt6vectorIS1_INS_15IteratorGeneralIS9_SD_EEbESaISJ_EEbDpOT_
FN:249,_ZN3s215BTreeINSt7__cxx1112basic_stringIcSt11char_traitsIcESaIcEEESt4lessIS6_EE7emplaceIJRA2_KcSD_SD_EEESt6vectorISt4pairINS_15IteratorGeneralIS6_S8_EEbESaISI_EEbDpOT_
FN:249,_ZN3s215BTreeIiSt7greaterIiEE7emplaceIJiiiEEESt6vectorISt4pairINS_15IteratorGeneralIiS2_EEbESaIS9_EEbDpOT_
FN:249,_ZN3s215BTreeINSt7__cxx1112basic_stringIcSt11char_traitsIcESaIcEEESt4lessIS6_EE7emplaceIJRA2_KcRA3_SB_SF_EEESt6vectorISt4pairINS_15IteratorGeneralIS6_S8_EEbESaISK_EEbDpOT_
FN:256,_ZN3s215BTreeIiSt7greaterIiEE11equal_rangeERKi
FN:256,_ZN3s215BTreeIiSt4lessIiEE11equal_rangeERKi
FN:260,_ZNK3s215BTreeIiSt4lessIiEE11equal_rangeERKi
FN:265,_ZN3s215BTreeIiSt7greaterIiEE11lower_boundERKi
FN:265,_ZN3s215BTreeIiSt4lessIiEE11lower_boundERKi
FN:277,_ZNK3s215BTreeIiSt4lessIiEE11lower_boundERKi
FN:289,_ZN3s215BTreeIiSt7greaterIiEE11upper_boundERKi
FN:289,_ZN3s215BTreeIiSt4lessIiEE11upper_boundERKi
FN:302,_ZNK3s215BTreeIiSt4lessIiEE11upper_boundERKi
FN:315,_ZN3s215BTreeISt4pairIKiNSt7__cxx1112basic_stringIcSt11char_traitsIcESaIcEEEENS_10My_CompareIS9_St4lessIiEEEE4findERKS9_
FN:315,_ZN3s215BTreeIiSt7greaterIiEE4findERKi
FN:315,_ZN3s215BTreeINSt7__cxx1112basic_stringIcSt11char_traitsIcESaIcEEESt4lessIS6_EE4findERKS6_
FN:315,_ZN3s215BTreeISt4pairIKiiENS_10My_CompareIS3_St7greaterIiEEEE4findERKS3_
FN:315,_ZN3s215BTreeISt4pairIKiiENS_10My_CompareIS3_St4lessIiEEEE4findERKS3_
FN:315,_ZN3s215BTreeIiSt4lessIiEE4findERKi
FN:324,_ZNK3s215BTreeIiSt4lessIiEE4findERKi
FN:324,_ZNK3s215BTreeISt4pairIKiiENS_10My_CompareIS3_St7greaterIiEEEE4findERKS3_
FN:324,_ZNK3s215BTreeIiSt7greaterIiEE4findERKi
FN:324,_ZNK3s215BTreeISt4pairIKiiENS_10My_CompareIS3_St4lessIiEEEE4findERKS3_
FN:333,_ZNK3s215BTreeISt4pairIKiiENS_10My_CompareIS3_St7greaterIiEEEE5countERKS3_
FN:333,_ZNK3s215BTreeIiSt7greaterIiEE5countERKi
FN:333,_ZNK3s215BTreeIiSt4lessIiEE5countERKi
FN:333,_ZNK3s215BTreeISt4pairIKiiENS_10My_CompareIS3_St4lessIiEEEE5countERKS3_
FN:337,_ZNK3s215BTreeIiSt4lessIiEE8containsERKi
FN:337,_ZNK3s215BTreeISt4pairIKiiENS_10My_CompareIS3_St4lessIiEEEE8containsERKS3_
FN:339,_ZN3s215BTreeINSt7__cxx1112basic_stringIcSt11char_traitsIcESaIcEEESt4lessIS6_EE5mergeERS9_b
FN:339,_ZN3s215BTreeISt4pairIKiNSt7__cxx1112basic_stringIcSt11char_traitsIcESaIcEEEENS_10My_CompareIS9_St4lessIiEEEE5mergeERSE_b
FN:347,_ZN3s215BTreeISt4pairIKiNSt7__cxx1112basic_stringIcSt11char_traitsIcESaIcEEEENS_10My_CompareIS9_St7greaterIiEEEE4swapERSE_
FN:347,_ZN3s215BTreeIiSt7greaterIiEE4swapERS3_
FN:347,_ZN3s215BTreeISt4pairIKiiENS_10My_CompareIS3_St7greaterIiEEEE4swapERS8_
FN:347,_ZN3s215BTreeIiSt4lessIiEE4swapERS3_
FN:347,_ZN3s215BTreeISt4pairIKiiENS_10My_CompareIS3_St4lessIiEEEE4swapERS8_
FN:347,_ZN3s215BTreeISt4pairIKiNSt7__cxx1112basic_stringIcSt11char_traitsIcESaIcEEEENS_10My_CompareIS9_St4lessIiEEEE4swapERSE_
FN:347,_ZN3s215BTreeINSt7__cxx1112basic_stringIcSt11char_traitsIcESaIcEEESt7greaterIS6_EE4swapERS9_
FN:347,_ZN3s215BTreeINSt7__cxx1112basic_stringIcSt11char_traitsIcESaIcEEESt4lessIS6_EE4swapERS9_
FN:352,_ZN3s215BTreeINSt7__cxx1112basic_stringIcSt11char_traitsIcESaIcEEESt4lessIS6_EE6insertERKS6_b
FN:352,_ZN3s215BTreeISt4pairIKiiENS_10My_CompareIS3_St4lessIiEEEE6insertERKS3_b
FN:352,_ZN3s215BTreeISt4pairIKiiENS_10My_CompareIS3_St7greaterIiEEEE6insertERKS3_b
FN:352,_ZN3s215BTreeISt4pairIKiNSt7__cxx1112basic_stringIcSt11char_traitsIcESaIcEEEENS_10My_CompareIS9_St7greaterIiEEEE6insertERKS9_b
FN:352,_ZN3s215BTreeIiSt7greaterIiEE6insertERKib
FN:352,_ZN3s215BTreeINSt7__cxx1112basic_stringIcSt11char_traitsIcESaIcEEESt7greaterIS6_EE6insertERKS6_b
FN:352,_ZN3s215BTreeIiSt4lessIiEE6insertERKib
FN:352,_ZN3s215BTreeISt4pairIKiNSt7__cxx1112basic_stringIcSt11char_traitsIcESaIcEEEENS_10My_CompareIS9_St4lessIiEEEE6insertERKS9_b
FN:357,_ZN3s215BTreeIiSt7greaterIiEE5eraseENS_15IteratorGeneralIiS2_EEb
FN:357,_ZN3s215BTreeISt4pairIKiNSt7__cxx1112basic_stringIcSt11char_traitsIcESaIcEEEENS_10My_CompareIS9_St4lessIiEEEE5eraseENS_15IteratorGeneralIS9_SD_EEb
FN:357,_ZN3s215BTreeINSt7__cxx1112basic_stringIcSt11char_traitsIcESaIcEEESt4lessIS6_EE5eraseENS_15IteratorGeneralIS6_S8_EEb
FN:357,_ZN3s215BTreeISt4pairIKiiENS_10My_CompareIS3_St7greaterIiEEEE5eraseENS_15IteratorGeneralIS3_S7_EEb
FN:374,_ZN3s215BTreeIiSt7greaterIiEE5clearEv
FN:374,_ZN3s215BTreeISt4pairIKiNSt7__cxx1112basic_stringIcSt11char_traitsIcESaIcEEEENS_10My_CompareIS9_St4lessIiEEEE5clearEv
FN:374,_ZN3s215BTreeISt4pairIKiiENS_10My_CompareIS3_St7greaterIiEEEE5clearEv
FN:374,_ZN3s215BTreeISt4pairIKiiENS_10My_CompareIS3_St4lessIiEEEE5clearEv
FN:374,_ZN3s215BTreeIiSt4lessIiEE5clearEv
FN:374,_ZN3s215BTreeISt4pairIKiNSt7__cxx1112basic_stringIcSt11char_traitsIcESaIcEEEENS_10My_CompareIS9_St7greaterIiEEEE5clearEv
FN:374,_ZN3s215BTreeINSt7__cxx1112basic_stringIcSt11char_traitsIcESaIcEEESt7greaterIS6_EE5clearEv
FN:374,_ZN3s215BTreeINSt7__cxx1112basic_stringIcSt11char_traitsIcESaIcEEESt4lessIS6_EE5clearEv
FN:380,_ZNK3s215BTreeIiSt7greaterIiEE5emptyEv
FN:380,_ZNK3s215BTreeISt4pairIKiiENS_10My_CompareIS3_St7greaterIiEEEE5emptyEv
FN:380,_ZNK3s215BTreeIiSt4lessIiEE5emptyEv
FN:380,_ZNK3s215BTreeISt4pairIKiiENS_10My_CompareIS3_St4lessIiEEEE5emptyEv
FN:382,_ZNK3s215BTreeISt4pairIKiNSt7__cxx1112basic_stringIcSt11char_traitsIcESaIcEEEENS_10My_CompareIS9_St4lessIiEEEE4sizeEv
FN:382,_ZNK3s215BTreeINSt7__cxx1112basic_stringIcSt11char_traitsIcESaIcEEESt4lessIS6_EE4sizeEv
FN:382,_ZNK3s215BTreeISt4pairIKiNSt7__cxx1112basic_stringIcSt11char_traitsIcESaIcEEEENS_10My_CompareIS9_St7greaterIiEEEE4sizeEv
FN:382,_ZNK3s215BTreeINSt7__cxx1112basic_stringIcSt11char_traitsIcESaIcEEESt7greaterIS6_EE4sizeEv
FN:382,_ZNK3s215BTreeIiSt7greaterIiEE4sizeEv
FN:382,_ZNK3s215BTreeISt4pairIKiiENS_10My_CompareIS3_St4lessIiEEEE4sizeEv
FN:382,_ZNK3s215BTreeIiSt4lessIiEE4sizeEv
FN:382,_ZNK3s215BTreeISt4pairIKiiENS_10My_CompareIS3_St7greaterIiEEEE4sizeEv
FN:389,_ZN3s215BTreeIiSt7greaterIiEE3endEv
FN:389,_ZN3s215BTreeISt4pairIKiiENS_10My_CompareIS3_St7greaterIiEEEE3endEv
FN:389,_ZN3s215BTreeISt4pairIKiNSt7__cxx1112basic_stringIcSt11char_traitsIcESaIcEEEENS_10My_CompareIS9_St4lessIiEEEE3endEv
FN:389,_ZN3s215BTreeIiSt4lessIiEE3endEv
FN:389,_ZN3s215BTreeISt4pairIKiiENS_10My_CompareIS3_St4lessIiEEEE3endEv
FN:389,_ZN3s215BTreeINSt7__cxx1112basic_stringIcSt11char_traitsIcESaIcEEESt4lessIS6_EE3endEv
FN:391,_ZNK3s215BTreeIiSt7greaterIiEE3endEv
FN:391,_ZNK3s215BTreeISt4pairIKiiENS_10My_CompareIS3_St4lessIiEEEE3endEv
FN:391,_ZNK3s215BTreeISt4pairIKiiENS_10My_CompareIS3_St7greaterIiEEEE3endEv
FN:391,_ZNK3s215BTreeIiSt4lessIiEE3endEv
FN:391,_ZNK3s215BTreeINSt7__cxx1112basic_stringIcSt11char_traitsIcESaIcEEESt4lessIS6_EE3endEv
FN:391,_ZNK3s215BTreeISt4pairIKiNSt7__cxx1112basic_stringIcSt11char_traitsIcESaIcEEEENS_10My_CompareIS9_St7greaterIiEEEE3endEv
FN:391,_ZNK3s215BTreeINSt7__cxx1112basic_stringIcSt11char_traitsIcESaIcEEESt7greaterIS6_EE3endEv
FN:391,_ZNK3s215BTreeISt4pairIKiNSt7__cxx1112basic_stringIcSt11char_traitsIcESaIcEEEENS_10My_CompareIS9_St4lessIiEEEE3endEv
FN:393,_ZN3s215BTreeISt4pairIKiiENS_10My_CompareIS3_St7greaterIiEEEE5beginEv
FN:393,_ZN3s215BTreeISt4pairIKiiENS_10My_CompareIS3_St4lessIiEEEE5beginEv
FN:393,_ZN3s215BTreeIiSt4lessIiEE5beginEv
FN:393,_ZN3s215BTreeINSt7__cxx1112basic_stringIcSt11char_traitsIcESaIcEEESt4lessIS6_EE5beginEv
FN:393,_ZN3s215BTreeISt4pairIKiNSt7__cxx1112basic_stringIcSt11char_traitsIcESaIcEEEENS_10My_CompareIS9_St4lessIiEEEE5beginEv
FN:393,_ZN3s215BTreeIiSt7greaterIiEE5beginEv
FN:397,_ZNK3s215BTreeINSt7__cxx1112basic_stringIcSt11char_traitsIcESaIcEEESt7greaterIS6_EE5beginEv
FN:397,_ZNK3s215BTreeIiSt7greaterIiEE5beginEv
FN:397,_ZNK3s215BTreeIiSt4lessIiEE5beginEv
FN:397,_ZNK3s215BTreeISt4pairIKiiENS_10My_CompareIS3_St4lessIiEEEE5beginEv
FN:397,_ZNK3s215BTreeISt4pairIKiNSt7__cxx1112basic_stringIcSt11char_traitsIcESaIcEEEENS_10My_CompareIS9_St7greaterIiEEEE5beginEv
FN:397,_ZNK3s215BTreeISt4pairIKiiENS_10My_CompareIS3_St7greaterIiEEEE5beginEv
FN:397,_ZNK3s215BTreeINSt7__cxx1112basic_stringIcSt11char_traitsIcESaIcEEESt4lessIS6_EE5beginEv
FN:397,_ZNK3s215BTreeISt4pairIKiNSt7__cxx1112basic_stringIcSt11char_traitsIcESaIcEEEENS_10My_CompareIS9_St4lessIiEEEE5beginEv
FN:408,_ZN3s215BTreeISt4pairIKiNSt7__cxx1112basic_stringIcSt11char_traitsIcESaIcEEEENS_10My_CompareIS9_St7greaterIiEEEE14InsertStandartEPNS_13StructGeneralIS9_EERKS9_b
FN:408,_ZN3s215BTreeIiSt7greaterIiEE14InsertStandartEPNS_13StructGeneralIiEERKib
FN:408,_ZN3s215BTreeIiSt4lessIiEE14InsertStandartEPNS_13StructGeneralIiEERKib
FN:408,_ZN3s215BTreeINSt7__cxx1112basic_stringIcSt11char_traitsIcESaIcEEESt7greaterIS6_EE14InsertStandartEPNS_13StructGeneralIS6_EERKS6_b
FN:408,_ZN3s215BTreeISt4pairIKiiENS_10My_CompareIS3_St4lessIiEEEE14InsertStandartEPNS_13StructGeneralIS3_EERKS3_b
FN:408,_ZN3s215BTreeISt4pairIKiiENS_10My_CompareIS3_St7greaterIiEEEE14InsertStandartEPNS_13StructGeneralIS3_EERKS3_b
FN:408,_ZN3s215BTreeISt4pairIKiNSt7__cxx1112basic_stringIcSt11char_traitsIcESaIcEEEENS_10My_CompareIS9_St4lessIiEEEE14InsertStandartEPNS_13StructGeneralIS9_EERKS9_b
FN:408,_ZN3s215BTreeINSt7__cxx1112basic_stringIcSt11char_traitsIcESaIcEEESt4lessIS6_EE14InsertStandartEPNS_13StructGeneralIS6_EERKS6_b
FN:445,_ZN3s215BTreeISt4pairIKiiENS_10My_CompareIS3_St7greaterIiEEEE5EraseEPNS_13StructGeneralIS3_EE
FN:445,_ZN3s215BTreeISt4pairIKiNSt7__cxx1112basic_stringIcSt11char_traitsIcESaIcEEEENS_10My_CompareIS9_St4lessIiEEEE5EraseEPNS_13StructGeneralIS9_EE
FN:445,_ZN3s215BTreeINSt7__cxx1112basic_stringIcSt11char_traitsIcESaIcEEESt4lessIS6_EE5EraseEPNS_13StructGeneralIS6_EE
FN:445,_ZN3s215BTreeIiSt7greaterIiEE5EraseEPNS_13StructGeneralIiEE
FN:483,_ZNK3s215BTreeISt4pairIKiNSt7__cxx1112basic_stringIcSt11char_traitsIcESaIcEEEENS_10My_CompareIS9_St4lessIiEEEE12FindPositionEPNS_13StructGeneralIS9_EERKS9_
FN:483,_ZNK3s215BTreeIiSt7greaterIiEE12FindPositionEPNS_13StructGeneralIiEERKi
FN:483,_ZNK3s215BTreeIiSt4lessIiEE12FindPositionEPNS_13StructGeneralIiEERKi
FN:483,_ZNK3s215BTreeISt4pairIKiiENS_10My_CompareIS3_St4lessIiEEEE12FindPositionEPNS_13StructGeneralIS3_EERKS3_
FN:483,_ZNK3s215BTreeISt4pairIKiiENS_10My_CompareIS3_St7greaterIiEEEE12FindPositionEPNS_13StructGeneralIS3_EERKS3_
FN:483,_ZNK3s215BTreeISt4pairIKiNSt7__cxx1112basic_stringIcSt11char_traitsIcESaIcEEEENS_10My_CompareIS9_St7greaterIiEEEE12FindPositionEPNS_13StructGeneralIS9_EERKS9_
FN:483,_ZNK3s215BTreeINSt7__cxx1112basic_stringIcSt11char_traitsIcESaIcEEESt4lessIS6_EE12FindPositionEPNS_13StructGeneralIS6_EERKS6_
FN:483,_ZNK3s215BTreeINSt7__cxx1112basic_stringIcSt11char_traitsIcESaIcEEESt7greaterIS6_EE12FindPositionEPNS_13StructGeneralIS6_EERKS6_
FN:502,_ZNK3s215BTreeISt4pairIKiNSt7__cxx1112basic_stringIcSt11char_traitsIcESaIcEEEENS_10My_CompareIS9_St4lessIiEEEE14ComparisonListERKSE_
FN:502,_ZNK3s215BTreeISt4pairIKiNSt7__cxx1112basic_stringIcSt11char_traitsIcESaIcEEEENS_10My_CompareIS9_St7greaterIiEEEE14ComparisonListERKSE_
FN:502,_ZNK3s215BTreeIiSt7greaterIiEE14ComparisonListERKS3_
FN:502,_ZNK3s215BTreeINSt7__cxx1112basic_stringIcSt11char_traitsIcESaIcEEESt4lessIS6_EE14ComparisonListERKS9_
FN:502,_ZNK3s215BTreeINSt7__cxx1112basic_stringIcSt11char_traitsIcESaIcEEESt7greaterIS6_EE14ComparisonListERKS9_
FN:502,_ZNK3s215BTreeISt4pairIKiiENS_10My_CompareIS3_St7greaterIiEEEE14ComparisonListERKS8_
FN:517,_ZNK3s215BTreeISt4pairIKiiENS_10My_CompareIS3_St4lessIiEEEE11not_equallyERKS3_SA_
FN:517,_ZNK3s215BTreeISt4pairIKiNSt7__cxx1112basic_stringIcSt11char_traitsIcESaIcEEEENS_10My_CompareIS9_St4lessIiEEEE11not_equallyERKS9_SG_
FN:517,_ZNK3s215BTreeISt4pairIKiNSt7__cxx1112basic_stringIcSt11char_traitsIcESaIcEEEENS_10My_CompareIS9_St7greaterIiEEEE11not_equallyERKS9_SG_
FN:517,_ZNK3s215BTreeIiSt7greaterIiEE11not_equallyERKiS5_
FN:517,_ZNK3s215BTreeINSt7__cxx1112basic_stringIcSt11char_traitsIcESaIcEEESt4lessIS6_EE11not_equallyERKS6_SB_
FN:517,_ZNK3s215BTreeISt4pairIKiiENS_10My_CompareIS3_St7greaterIiEEEE11not_equallyERKS3_SA_
FN:517,_ZNK3s215BTreeINSt7__cxx1112basic_stringIcSt11char_traitsIcESaIcEEESt7greaterIS6_EE11not_equallyERKS6_SB_
FN:517,_ZNK3s215BTreeIiSt4lessIiEE11not_equallyERKiS5_
FN:522,_ZN3s215BTreeISt4pairIKiiENS_10My_CompareIS3_St7greaterIiEEEE14ArgumentParserIJEEEvRSt6vectorIS1_INS_15IteratorGeneralIS3_S7_EEbESaISD_EEbOS3_DpT_
FN:522,_ZN3s215BTreeINSt7__cxx1112basic_stringIcSt11char_traitsIcESaIcEEESt4lessIS6_EE14ArgumentParserIJPKcSC_SC_SC_SC_EEEvRSt6vectorISt4pairINS_15IteratorGeneralIS6_S8_EEbESaISH_EEbOS6_DpT_
FN:522,_ZN3s215BTreeIiSt7greaterIiEE14ArgumentParserIJiEEEvRSt6vectorISt4pairINS_15IteratorGeneralIiS2_EEbESaIS9_EEbOiDpT_
FN:522,_ZN3s215BTreeINSt7__cxx1112basic_stringIcSt11char_traitsIcESaIcEEESt4lessIS6_EE14ArgumentParserIJPKcSC_EEEvRSt6vectorISt4pairINS_15IteratorGeneralIS6_S8_EEbESaISH_EEbOS6_DpT_
FN:522,_ZN3s215BTreeINSt7__cxx1112basic_stringIcSt11char_traitsIcESaIcEEESt4lessIS6_EE14ArgumentParserIJPKcSC_SC_EEEvRSt6vectorISt4pairINS_15IteratorGeneralIS6_S8_EEbESaISH_EEbOS6_DpT_
FN:522,_ZN3s215BTreeIiSt7greaterIiEE14ArgumentParserIJiiEEEvRSt6vectorISt4pairINS_15IteratorGeneralIiS2_EEbESaIS9_EEbOiDpT_
FN:522,_ZN3s215BTreeISt4pairIKiNSt7__cxx1112basic_stringIcSt11char_traitsIcESaIcEEEENS_10My_CompareIS9_St4lessIiEEEE14ArgumentParserIJEEEvRSt6vectorIS1_INS_15IteratorGeneralIS9_SD_EEbESaISJ_EEbOS9_DpT_
FN:522,_ZN3s215BTreeINSt7__cxx1112basic_stringIcSt11char_traitsIcESaIcEEESt4lessIS6_EE14ArgumentParserIJPKcEEEvRSt6vectorISt4pairINS_15IteratorGeneralIS6_S8_EEbESaISH_EEbOS6_DpT_
FN:522,_ZN3s215BTreeIiSt7greaterIiEE14ArgumentParserIJEEEvRSt6vectorISt4pairINS_15IteratorGeneralIiS2_EEbESaIS9_EEbOiDpT_
FN:522,_ZN3s215BTreeISt4pairIKiNSt7__cxx1112basic_stringIcSt11char_traitsIcESaIcEEEENS_10My_CompareIS9_St4lessIiEEEE14ArgumentParserIJS9_S9_EEEvRSt6vectorIS1_INS_15IteratorGeneralIS9_SD_EEbESaISJ_EEbOS9_DpT_
FN:522,_ZN3s215BTreeISt4pairIKiNSt7__cxx1112basic_stringIcSt11char_traitsIcESaIcEEEENS_10My_CompareIS9_St4lessIiEEEE14ArgumentParserIJS9_EEEvRSt6vectorIS1_INS_15IteratorGeneralIS9_SD_EEbESaISJ_EEbOS9_DpT_
FN:522,_ZN3s215BTreeINSt7__cxx1112basic_stringIcSt11char_traitsIcESaIcEEESt4lessIS6_EE14ArgumentParserIJPKcSC_SC_SC_SC_SC_EEEvRSt6vectorISt4pairINS_15IteratorGeneralIS6_S8_EEbESaISH_EEbOS6_DpT_
FN:522,_ZN3s215BTreeINSt7__cxx1112basic_stringIcSt11char_traitsIcESaIcEEESt4lessIS6_EE14ArgumentParserIJPKcSC_SC_SC_EEEvRSt6vectorISt4pairINS_15IteratorGeneralIS6_S8_EEbESaISH_EEbOS6_DpT_
FN:522,_ZN3s215BTreeISt4pairIKiiENS_10My_CompareIS3_St7greaterIiEEEE14ArgumentParserIJS3_EEEvRSt6vectorIS1_INS_15IteratorGeneralIS3_S7_EEbESaISD_EEbOS3_DpT_
FN:522,_ZN3s215BTreeISt4pairIKiiENS_10My_CompareIS3_St7greaterIiEEEE14ArgumentParserIJS3_S3_EEEvRSt6vectorIS1_INS_15IteratorGeneralIS3_S7_EEbESaISD_EEbOS3_DpT_
FN:522,_ZN3s215BTreeISt4pairIKiiENS_10My_CompareIS3_St7greaterIiEEEE14ArgumentParserIJS3_S3_S3_EEEvRSt6vectorIS1_INS_15IteratorGeneralIS3_S7_EEbESaISD_EEbOS3_DpT_
FN:522,_ZN3s215BTreeINSt7__cxx1112basic_stringIcSt11char_traitsIcESaIcEEESt4lessIS6_EE14ArgumentParserIJEEEvRSt6vectorISt4pairINS_15IteratorGeneralIS6_S8_EEbESaISF_EEbOS6_DpT_
FN:528,_ZN3s215BTreeISt4pairIKiNSt7__cxx1112basic_stringIcSt11char_traitsIcESaIcEEEENS_10My_CompareIS9_St4lessIiEEEE14ArgumentParserERSt6vectorIS1_INS_15IteratorGeneralIS9_SD_EEbESaISI_EEb
FN:528,_ZN3s215BTreeIiSt7greaterIiEE14ArgumentParserERSt6vectorISt4pairINS_15IteratorGeneralIiS2_EEbESaIS8_EEb
FN:528,_ZN3s215BTreeISt4pairIKiiENS_10My_CompareIS3_St7greaterIiEEEE14ArgumentParserERSt6vectorIS1_INS_15IteratorGeneralIS3_S7_EEbESaISC_EEb
FN:528,_ZN3s215BTreeINSt7__cxx1112basic_stringIcSt11char_traitsIcESaIcEEESt4lessIS6_EE14ArgumentParserERSt6vectorISt4pairINS_15IteratorGeneralIS6_S8_EEbESaISE_EEb
FN:532,_ZNK3s215BTreeIiSt7greaterIiEE8SmallestEPNS_13StructGeneralIiEE
FN:532,_ZNK3s215BTreeISt4pairIKiiENS_10My_CompareIS3_St4lessIiEEEE8SmallestEPNS_13StructGeneralIS3_EE
FN:532,_ZNK3s215BTreeINSt7__cxx1112basic_stringIcSt11char_traitsIcESaIcEEESt4lessIS6_EE8SmallestEPNS_13StructGeneralIS6_EE
FN:532,_ZNK3s215BTreeISt4pairIKiNSt7__cxx1112basic_stringIcSt11char_traitsIcESaIcEEEENS_10My_CompareIS9_St4lessIiEEEE8SmallestEPNS_13StructGeneralIS9_EE
FN:532,_ZNK3s215BTreeISt4pairIKiiENS_10My_CompareIS3_St7greaterIiEEEE8SmallestEPNS_13StructGeneralIS3_EE
FN:532,_ZNK3s215BTreeIiSt4lessIiEE8SmallestEPNS_13StructGeneralIiEE
FN:532,_ZNK3s215BTreeINSt7__cxx1112basic_stringIcSt11char_traitsIcESaIcEEESt7greaterIS6_EE8SmallestEPNS_13StructGeneralIS6_EE
FN:532,_ZNK3s215BTreeISt4pairIKiNSt7__cxx1112basic_stringIcSt11char_traitsIcESaIcEEEENS_10My_CompareIS9_St7greaterIiEEEE8SmallestEPNS_13StructGeneralIS9_EE
FN:537,_ZN3s215BTreeISt4pairIKiNSt7__cxx1112basic_stringIcSt11char_traitsIcESaIcEEEENS_10My_CompareIS9_St4lessIiEEEE12CreateAnchorEv
FN:537,_ZN3s215BTreeINSt7__cxx1112basic_stringIcSt11char_traitsIcESaIcEEESt7greaterIS6_EE12CreateAnchorEv
FN:537,_ZN3s215BTreeIiSt7greaterIiEE12CreateAnchorEv
FN:537,_ZN3s215BTreeISt4pairIKiNSt7__cxx1112basic_stringIcSt11char_traitsIcESaIcEEEENS_10My_CompareIS9_St7greaterIiEEEE12CreateAnchorEv
FN:537,_ZN3s215BTreeIiSt4lessIiEE12CreateAnchorEv
FN:537,_ZN3s215BTreeISt4pairIKiiENS_10My_CompareIS3_St7greaterIiEEEE12CreateAnchorEv
FN:537,_ZN3s215BTreeINSt7__cxx1112basic_stringIcSt11char_traitsIcESaIcEEESt4lessIS6_EE12CreateAnchorEv
FN:537,_ZN3s215BTreeISt4pairIKiiENS_10My_CompareIS3_St4lessIiEEEE12CreateAnchorEv
FN:544,_ZN3s215BTreeISt4pairIKiNSt7__cxx1112basic_stringIcSt11char_traitsIcESaIcEEEENS_10My_CompareIS9_St4lessIiEEEE9swap_nodeEPNS_13StructGeneralIS9_EESH_
FN:544,_ZN3s215BTreeINSt7__cxx1112basic_stringIcSt11char_traitsIcESaIcEEESt4lessIS6_EE9swap_nodeEPNS_13StructGeneralIS6_EESC_
FN:544,_ZN3s215BTreeISt4pairIKiiENS_10My_CompareIS3_St7greaterIiEEEE9swap_nodeEPNS_13StructGeneralIS3_EESB_
FN:544,_ZN3s215BTreeIiSt7greaterIiEE9swap_nodeEPNS_13StructGeneralIiEES6_
FN:568,_ZN3s215BTreeINSt7__cxx1112basic_stringIcSt11char_traitsIcESaIcEEESt4lessIS6_EE10AdjustmentEPNS_13StructGeneralIS6_EE
FN:568,_ZN3s215BTreeISt4pairIKiNSt7__cxx1112basic_stringIcSt11char_traitsIcESaIcEEEENS_10My_CompareIS9_St4lessIiEEEE10AdjustmentEPNS_13StructGeneralIS9_EE
FN:568,_ZN3s215BTreeIiSt4lessIiEE10AdjustmentEPNS_13StructGeneralIiEE
FN:568,_ZN3s215BTreeISt4pairIKiNSt7__cxx1112basic_stringIcSt11char_traitsIcESaIcEEEENS_10My_CompareIS9_St7greaterIiEEEE10AdjustmentEPNS_13StructGeneralIS9_EE
FN:568,_ZN3s215BTreeISt4pairIKiiENS_10My_CompareIS3_St7greaterIiEEEE10AdjustmentEPNS_13StructGeneralIS3_EE
FN:568,_ZN3s215BTreeIiSt7greaterIiEE10AdjustmentEPNS_13StructGeneralIiEE
FN:568,_ZN3s215BTreeISt4pairIKiiENS_10My_CompareIS3_St4lessIiEEEE10AdjustmentEPNS_13StructGeneralIS3_EE
FN:568,_ZN3s215BTreeINSt7__cxx1112basic_stringIcSt11char_traitsIcESaIcEEESt7greaterIS6_EE10AdjustmentEPNS_13StructGeneralIS6_EE
FN:579,_ZN3s215BTreeISt4pairIKiiENS_10My_CompareIS3_St7greaterIiEEEE8LeftTurnEPNS_13StructGeneralIS3_EE
FN:579,_ZN3s215BTreeIiSt4lessIiEE8LeftTurnEPNS_13StructGeneralIiEE
FN:579,_ZN3s215BTreeISt4pairIKiiENS_10My_CompareIS3_St4lessIiEEEE8LeftTurnEPNS_13StructGeneralIS3_EE
FN:579,_ZN3s215BTreeINSt7__cxx1112basic_stringIcSt11char_traitsIcESaIcEEESt7greaterIS6_EE8LeftTurnEPNS_13StructGeneralIS6_EE
FN:579,_ZN3s215BTreeIiSt7greaterIiEE8LeftTurnEPNS_13StructGeneralIiEE
FN:579,_ZN3s215BTreeINSt7__cxx1112basic_stringIcSt11char_traitsIcESaIcEEESt4lessIS6_EE8LeftTurnEPNS_13StructGeneralIS6_EE
FN:579,_ZN3s215BTreeISt4pairIKiNSt7__cxx1112basic_stringIcSt11char_traitsIcESaIcEEEENS_10My_CompareIS9_St7greaterIiEEEE8LeftTurnEPNS_13StructGeneralIS9_EE
FN:579,_ZN3s215BTreeISt4pairIKiNSt7__cxx1112basic_stringIcSt11char_traitsIcESaIcEEEENS_10My_CompareIS9_St4lessIiEEEE8LeftTurnEPNS_13StructGeneralIS9_EE
FN:606,_ZN3s215BTreeINSt7__cxx1112basic_stringIcSt11char_traitsIcESaIcEEESt4lessIS6_EE9RightTurnEPNS_13StructGeneralIS6_EE
FN:606,_ZN3s215BTreeIiSt7greaterIiEE9RightTurnEPNS_13StructGeneralIiEE
FN:606,_ZN3s215BTreeIiSt4lessIiEE9RightTurnEPNS_13StructGeneralIiEE
FN:606,_ZN3s215BTreeISt4pairIKiiENS_10My_CompareIS3_St4lessIiEEEE9RightTurnEPNS_13StructGeneralIS3_EE
FN:606,_ZN3s215BTreeISt4pairIKiiENS_10My_CompareIS3_St7greaterIiEEEE9RightTurnEPNS_13StructGeneralIS3_EE
FN:606,_ZN3s215BTreeISt4pairIKiNSt7__cxx1112basic_stringIcSt11char_traitsIcESaIcEEEENS_10My_CompareIS9_St4lessIiEEEE9RightTurnEPNS_13StructGeneralIS9_EE
FN:606,_ZN3s215BTreeINSt7__cxx1112basic_stringIcSt11char_traitsIcESaIcEEESt7greaterIS6_EE9RightTurnEPNS_13StructGeneralIS6_EE
FN:606,_ZN3s215BTreeISt4pairIKiNSt7__cxx1112basic_stringIcSt11char_traitsIcESaIcEEEENS_10My_CompareIS9_St7greaterIiEEEE9RightTurnEPNS_13StructGeneralIS9_EE
FN:634,_ZN3s215BTreeISt4pairIKiNSt7__cxx1112basic_stringIcSt11char_traitsIcESaIcEEEENS_10My_CompareIS9_St4lessIiEEEE10SwapColorsEPNS_13StructGeneralIS9_EE
FN:634,_ZN3s215BTreeISt4pairIKiiENS_10My_CompareIS3_St4lessIiEEEE10SwapColorsEPNS_13StructGeneralIS3_EE
FN:634,_ZN3s215BTreeIiSt7greaterIiEE10SwapColorsEPNS_13StructGeneralIiEE
FN:634,_ZN3s215BTreeISt4pairIKiNSt7__cxx1112basic_stringIcSt11char_traitsIcESaIcEEEENS_10My_CompareIS9_St7greaterIiEEEE10SwapColorsEPNS_13StructGeneralIS9_EE
FN:634,_ZN3s215BTreeISt4pairIKiiENS_10My_CompareIS3_St7greaterIiEEEE10SwapColorsEPNS_13StructGeneralIS3_EE
FN:634,_ZN3s215BTreeINSt7__cxx1112basic_stringIcSt11char_traitsIcESaIcEEESt7greaterIS6_EE10SwapColorsEPNS_13StructGeneralIS6_EE
FN:634,_ZN3s215BTreeINSt7__cxx1112basic_stringIcSt11char_traitsIcESaIcEEESt4lessIS6_EE10SwapColorsEPNS_13StructGeneralIS6_EE
FN:634,_ZN3s215BTreeIiSt4lessIiEE10SwapColorsEPNS_13StructGeneralIiEE
FN:644,_ZN3s215BTreeISt4pairIKiNSt7__cxx1112basic_stringIcSt11char_traitsIcESaIcEEEENS_10My_CompareIS9_St7greaterIiEEEE7FreeSetEPNS_13StructGeneralIS9_EE
FN:644,_ZN3s215BTreeINSt7__cxx1112basic_stringIcSt11char_traitsIcESaIcEEESt4lessIS6_EE7FreeSetEPNS_13StructGeneralIS6_EE
FN:644,_ZN3s215BTreeIiSt4lessIiEE7FreeSetEPNS_13StructGeneralIiEE
FN:644,_ZN3s215BTreeIiSt7greaterIiEE7FreeSetEPNS_13StructGeneralIiEE
FN:644,_ZN3s215BTreeISt4pairIKiiENS_10My_CompareIS3_St4lessIiEEEE7FreeSetEPNS_13StructGeneralIS3_EE
FN:644,_ZN3s215BTreeISt4pairIKiNSt7__cxx1112basic_stringIcSt11char_traitsIcESaIcEEEENS_10My_CompareIS9_St4lessIiEEEE7FreeSetEPNS_13StructGeneralIS9_EE
FN:644,_ZN3s215BTreeISt4pairIKiiENS_10My_CompareIS3_St7greaterIiEEEE7FreeSetEPNS_13StructGeneralIS3_EE
FN:644,_ZN3s215BTreeINSt7__cxx1112basic_stringIcSt11char_traitsIcESaIcEEESt7greaterIS6_EE7FreeSetEPNS_13StructGeneralIS6_EE
FNDA:70,_ZNK3s2120IteratorGeneralConstINSt7__cxx1112basic_stringIcSt11char_traitsIcESaIcEEESt4lessIS6_EEneERKS9_
FNDA:75,_ZN3s215BTreeINSt7__cxx1112basic_stringIcSt11char_traitsIcESaIcEEESt4lessIS6_EED2Ev
FNDA:6,_ZN3s215BTreeIiSt7greaterIiEE11lower_boundERKi
FNDA:484,_ZN3s2113StructGeneralIiEC2Ei
FNDA:53,_ZN3s2115IteratorGeneralIiSt7greaterIiEEppEi
FNDA:92,_ZNK3s215BTreeISt4pairIKiNSt7__cxx1112basic_stringIcSt11char_traitsIcESaIcEEEENS_10My_CompareIS9_St4lessIiEEEE4sizeEv
FNDA:1,_ZN3s215BTreeISt4pairIKiiENS_10My_CompareIS3_St7greaterIiEEEE7emplaceIJS3_S3_S3_S3_EEESt6vectorIS1_INS_15IteratorGeneralIS3_S7_EEbESaISD_EEbDpOT_
FNDA:234,_ZN3s215BTreeIiSt7greaterIiEE14InsertStandartEPNS_13StructGeneralIiEERKib
FNDA:54,_ZNK3s2115IteratorGeneralIiSt4lessIiEEdeEv
FNDA:18,_ZNK3s215BTreeISt4pairIKiiENS_10My_CompareIS3_St7greaterIiEEEE3endEv
FNDA:6,_ZN3s215BTreeINSt7__cxx1112basic_stringIcSt11char_traitsIcESaIcEEESt7greaterIS6_EE12CreateAnchorEv
FNDA:300,_ZN3s2113StructGeneralISt4pairIKiiEEC2ES3_
FNDA:2,_ZN3s215BTreeINSt7__cxx1112basic_stringIcSt11char_traitsIcESaIcEEESt4lessIS6_EE7emplaceIJRA2_KcSD_SD_RA3_SB_SF_SF_RA4_SB_EEESt6vectorISt4pairINS_15IteratorGeneralIS6_S8_EEbESaISM_EEbDpOT_
FNDA:89,_ZN3s2115IteratorGeneralISt4pairIKiiENS_10My_CompareIS3_St7greaterIiEEEEppEi
FNDA:179,_ZN3s215BTreeISt4pairIKiiENS_10My_CompareIS3_St7greaterIiEEEE6insertERKS3_b
FNDA:387,_ZN3s2112ClosestRightIKNS_13StructGeneralISt4pairIKiNSt7__cxx1112basic_stringIcSt11char_traitsIcESaIcEEEEEEEEPT_SE_
FNDA:1,_ZN3s2115IteratorGeneralISt4pairIKiNSt7__cxx1112basic_stringIcSt11char_traitsIcESaIcEEEENS_10My_CompareIS9_St4lessIiEEEEmmEi
FNDA:10,_ZNK3s2115IteratorGeneralIiSt7greaterIiEEneERKS3_
FNDA:21,_ZN3s215BTreeISt4pairIKiiENS_10My_CompareIS3_St4lessIiEEEE10SwapColorsEPNS_13StructGeneralIS3_EE
FNDA:11,_ZN3s2111ClosestLeftINS_13StructGeneralIiEEEEPT_S4_
FNDA:2,_ZN3s215BTreeINSt7__cxx1112basic_stringIcSt11char_traitsIcESaIcEEESt4lessIS6_EE14ArgumentParserIJPKcSC_SC_SC_SC_EEEvRSt6vectorISt4pairINS_15IteratorGeneralIS6_S8_EEbESaISH_EEbOS6_DpT_
FNDA:2,_ZN3s215BTreeINSt7__cxx1112basic_stringIcSt11char_traitsIcESaIcEEESt4lessIS6_EE5mergeERS9_b
FNDA:5,_ZN3s215BTreeISt4pairIKiNSt7__cxx1112basic_stringIcSt11char_traitsIcESaIcEEEENS_10My_CompareIS9_St4lessIiEEEE7emplaceIJS9_S9_S9_EEESt6vectorIS1_INS_15IteratorGeneralIS9_SD_EEbESaISJ_EEbDpOT_
FNDA:18,_ZN3s215BTreeISt4pairIKiiENS_10My_CompareIS3_St4lessIiEEEED2Ev
FNDA:19,_ZN3s215BTreeIiSt7greaterIiEE10SwapColorsEPNS_13StructGeneralIiEE
FNDA:36,_ZN3s215BTreeISt4pairIKiiENS_10My_CompareIS3_St7greaterIiEEEED2Ev
FNDA:210,_ZN3s2115IteratorGeneralIiSt4lessIiEEC2EPNS_13StructGeneralIiEEm
FNDA:81,_ZN3s2115IteratorGeneralINSt7__cxx1112basic_stringIcSt11char_traitsIcESaIcEEESt4lessIS6_EEppEv
FNDA:78,_ZN3s2120IteratorGeneralConstINSt7__cxx1112basic_stringIcSt11char_traitsIcESaIcEEESt7greaterIS6_EEppEi
FNDA:53,_ZNK3s215BTreeIiSt4lessIiEE3endEv
FNDA:3,_ZN3s215BTreeISt4pairIKiNSt7__cxx1112basic_stringIcSt11char_traitsIcESaIcEEEENS_10My_CompareIS9_St4lessIiEEEE9swap_nodeEPNS_13StructGeneralIS9_EESH_
FNDA:156,_ZN3s215BTreeIiSt4lessIiEE7FreeSetEPNS_13StructGeneralIiEE
FNDA:297,_ZN3s215BTreeINSt7__cxx1112basic_stringIcSt11char_traitsIcESaIcEEESt4lessIS6_EE7FreeSetEPNS_13StructGeneralIS6_EE
FNDA:164,_ZN3s215BTreeIiSt4lessIiEE14InsertStandartEPNS_13StructGeneralIiEERKib
FNDA:59,_ZN3s215BTreeIiSt7greaterIiEE12CreateAnchorEv
FNDA:12,_ZNK3s215BTreeINSt7__cxx1112basic_stringIcSt11char_traitsIcESaIcEEESt4lessIS6_EEleERS9_
FNDA:1,_ZN3s215BTreeISt4pairIKiNSt7__cxx1112basic_stringIcSt11char_traitsIcESaIcEEEENS_10My_CompareIS9_St7greaterIiEEEEC2ERKSE_
FNDA:50,_ZN3s215BTreeISt4pairIKiNSt7__cxx1112basic_stringIcSt11char_traitsIcESaIcEEEENS_10My_CompareIS9_St4lessIiEEEE5clearEv
FNDA:5,_ZNK3s215BTreeISt4pairIKiiENS_10My_CompareIS3_St7greaterIiEEEE4findERKS3_
FNDA:10,_ZNK3s215BTreeIiSt7greaterIiEEltERS3_
FNDA:38,_ZN3s215BTreeISt4pairIKiiENS_10My_CompareIS3_St7greaterIiEEEE5clearEv
FNDA:348,_ZN3s2120IteratorGeneralConstISt4pairIKiNSt7__cxx1112basic_stringIcSt11char_traitsIcESaIcEEEENS_10My_CompareIS9_St4lessIiEEEEppEv
FNDA:1,_ZN3s2115IteratorGeneralISt4pairIKiiENS_10My_CompareIS3_St7greaterIiEEEEmmEi
FNDA:285,_ZN3s2112ClosestRightIKNS_13StructGeneralIiEEEEPT_S5_
FNDA:691,_ZN3s2112ClosestRightIKNS_13StructGeneralINSt7__cxx1112basic_stringIcSt11char_traitsIcESaIcEEEEEEEPT_SB_
FNDA:27,_ZNK3s215BTreeIiSt4lessIiEE4findERKi
FNDA:1,_ZN3s215BTreeISt4pairIKiNSt7__cxx1112basic_stringIcSt11char_traitsIcESaIcEEEENS_10My_CompareIS9_St4lessIiEEEEC2Ev
FNDA:6,_ZN3s215BTreeIiSt7greaterIiEE11upper_boundERKi
FNDA:425,_ZNK3s215BTreeISt4pairIKiNSt7__cxx1112basic_stringIcSt11char_traitsIcESaIcEEEENS_10My_CompareIS9_St4lessIiEEEE12FindPositionEPNS_13StructGeneralIS9_EERKS9_
FNDA:1,_ZN3s215BTreeISt4pairIKiiENS_10My_CompareIS3_St7greaterIiEEEE14ArgumentParserIJEEEvRSt6vectorIS1_INS_15IteratorGeneralIS3_S7_EEbESaISD_EEbOS3_DpT_
FNDA:1,_ZNK3s215BTreeISt4pairIKiNSt7__cxx1112basic_stringIcSt11char_traitsIcESaIcEEEENS_10My_CompareIS9_St7greaterIiEEEEgtERSE_
FNDA:9,_ZN3s215BTreeISt4pairIKiNSt7__cxx1112basic_stringIcSt11char_traitsIcESaIcEEEENS_10My_CompareIS9_St7greaterIiEEEE7FreeSetEPNS_13StructGeneralIS9_EE
FNDA:21,_ZNK3s215BTreeIiSt7greaterIiEE3endEv
FNDA:4,_ZNK3s2120IteratorGeneralConstISt4pairIKiNSt7__cxx1112basic_stringIcSt11char_traitsIcESaIcEEEENS_10My_CompareIS9_St7greaterIiEEEEneERKSE_
FNDA:392,_ZN3s215BTreeINSt7__cxx1112basic_stringIcSt11char_traitsIcESaIcEEESt4lessIS6_EE10AdjustmentEPNS_13StructGeneralIS6_EE
FNDA:39,_ZNK3s2120IteratorGeneralConstISt4pairIKiNSt7__cxx1112basic_stringIcSt11char_traitsIcESaIcEEEENS_10My_CompareIS9_St7greaterIiEEEEdeEv
FNDA:148,_ZNK3s215BTreeIiSt7greaterIiEE8SmallestEPNS_13StructGeneralIiEE
FNDA:9,_ZN3s215BTreeISt4pairIKiNSt7__cxx1112basic_stringIcSt11char_traitsIcESaIcEEEENS_10My_CompareIS9_St7greaterIiEEEE14InsertStandartEPNS_13StructGeneralIS9_EERKS9_b
FNDA:101,_ZN3s215BTreeISt4pairIKiNSt7__cxx1112basic_stringIcSt11char_traitsIcESaIcEEEENS_10My_CompareIS9_St4lessIiEEEE10SwapColorsEPNS_13StructGeneralIS9_EE
FNDA:407,_ZN3s215BTreeISt4pairIKiNSt7__cxx1112basic_stringIcSt11char_traitsIcESaIcEEEENS_10My_CompareIS9_St4lessIiEEEE10AdjustmentEPNS_13StructGeneralIS9_EE
FNDA:3,_ZN3s215BTreeISt4pairIKiNSt7__cxx1112basic_stringIcSt11char_traitsIcESaIcEEEENS_10My_CompareIS9_St7greaterIiEEEED2Ev
FNDA:1,_ZN3s215BTreeISt4pairIKiNSt7__cxx1112basic_stringIcSt11char_traitsIcESaIcEEEENS_10My_CompareIS9_St7greaterIiEEEE4swapERSE_
FNDA:21,_ZNK3s215BTreeISt4pairIKiiENS_10My_CompareIS3_St4lessIiEEEE3endEv
FNDA:55,_ZN3s2115IteratorGeneralIiSt7greaterIiEEppEv
FNDA:73,_ZNK3s215BTreeISt4pairIKiiENS_10My_CompareIS3_St4lessIiEEEE11not_equallyERKS3_SA_
FNDA:285,_ZN3s2120IteratorGeneralConstIiSt7greaterIiEEppEi
FNDA:3,_ZNK3s215BTreeISt4pairIKiiENS_10My_CompareIS3_St7greaterIiEEEE5countERKS3_
FNDA:403,_ZNK3s215BTreeIiSt7greaterIiEE12FindPositionEPNS_13StructGeneralIiEERKi
FNDA:138,_ZN3s215BTreeINSt7__cxx1112basic_stringIcSt11char_traitsIcESaIcEEESt4lessIS6_EE9RightTurnEPNS_13StructGeneralIS6_EE
FNDA:207,_ZN3s2120IteratorGeneralConstISt4pairIKiiENS_10My_CompareIS3_St7greaterIiEEEEppEv
FNDA:2,_ZN3s215BTreeISt4pairIKiNSt7__cxx1112basic_stringIcSt11char_traitsIcESaIcEEEENS_10My_CompareIS9_St4lessIiEEEEaSERKSE_
FNDA:340,_ZN3s215BTreeINSt7__cxx1112basic_stringIcSt11char_traitsIcESaIcEEESt4lessIS6_EE6insertERKS6_b
FNDA:48,_ZN3s215BTreeISt4pairIKiNSt7__cxx1112basic_stringIcSt11char_traitsIcESaIcEEEENS_10My_CompareIS9_St4lessIiEEEE12CreateAnchorEv
FNDA:63,_ZN3s215BTreeIiSt7greaterIiEE5clearEv
FNDA:3,_ZNK3s215BTreeIiSt4lessIiEE11equal_rangeERKi
FNDA:5,_ZNK3s215BTreeISt4pairIKiiENS_10My_CompareIS3_St7greaterIiEEEEneERS8_
FNDA:10,_ZNK3s215BTreeIiSt7greaterIiEEleERS3_
FNDA:8,_ZN3s2115IteratorGeneralINSt7__cxx1112basic_stringIcSt11char_traitsIcESaIcEEESt4lessIS6_EEmmEv
FNDA:17,_ZN3s215BTreeISt4pairIKiiENS_10My_CompareIS3_St4lessIiEEEEC2IPKS3_EET_SC_b
FNDA:225,_ZN3s215BTreeIiSt4lessIiEE10AdjustmentEPNS_13StructGeneralIiEE
FNDA:5,_ZN3s215BTreeISt4pairIKiNSt7__cxx1112basic_stringIcSt11char_traitsIcESaIcEEEENS_10My_CompareIS9_St4lessIiEEEE14ArgumentParserERSt6vectorIS1_INS_15IteratorGeneralIS9_SD_EEbESaISI_EEb
FNDA:35,_ZNK3s215BTreeISt4pairIKiNSt7__cxx1112basic_stringIcSt11char_traitsIcESaIcEEEENS_10My_CompareIS9_St4lessIiEEEE14ComparisonListERKSE_
FNDA:35,_ZN3s215BTreeIiSt4lessIiEEC2IPKiEET_S7_b
FNDA:285,_ZN3s2120IteratorGeneralConstIiSt7greaterIiEEppEv
FNDA:30,_ZN3s215BTreeISt4pairIKiiENS_10My_CompareIS3_St7greaterIiEEEE8LeftTurnEPNS_13StructGeneralIS3_EE
FNDA:68,_ZN3s215BTreeISt4pairIKiiENS_10My_CompareIS3_St4lessIiEEEE6insertERKS3_b
FNDA:234,_ZN3s2115IteratorGeneralISt4pairIKiiENS_10My_CompareIS3_St7greaterIiEEEEC2EPNS_13StructGeneralIS3_EEm
FNDA:6,_ZN3s215BTreeIiSt4lessIiEE11upper_boundERKi
FNDA:4,_ZN3s2115IteratorGeneralISt4pairIKiNSt7__cxx1112basic_stringIcSt11char_traitsIcESaIcEEEENS_10My_CompareIS9_St4lessIiEEEEmmEv
FNDA:10,_ZNK3s215BTreeISt4pairIKiNSt7__cxx1112basic_stringIcSt11char_traitsIcESaIcEEEENS_10My_CompareIS9_St4lessIiEEEEeqERSE_
FNDA:150,_ZNK3s2115IteratorGeneralISt4pairIKiNSt7__cxx1112basic_stringIcSt11char_traitsIcESaIcEEEENS_10My_CompareIS9_St4lessIiEEEEdeEv
FNDA:8,_ZNK3s2120IteratorGeneralConstINSt7__cxx1112basic_stringIcSt11char_traitsIcESaIcEEESt7greaterIS6_EEneERKS9_
FNDA:24,_ZNK3s215BTreeINSt7__cxx1112basic_stringIcSt11char_traitsIcESaIcEEESt7greaterIS6_EE4sizeEv
FNDA:2,_ZN3s215BTreeIiSt4lessIiEE8LeftTurnEPNS_13StructGeneralIiEE
FNDA:110,_ZN3s2120IteratorGeneralConstISt4pairIKiNSt7__cxx1112basic_stringIcSt11char_traitsIcESaIcEEEENS_10My_CompareIS9_St4lessIiEEEEC2EPNS_13StructGeneralIS9_EEm
FNDA:10,_ZNK3s215BTreeIiSt7greaterIiEE4findERKi
FNDA:12,_ZNK3s215BTreeISt4pairIKiNSt7__cxx1112basic_stringIcSt11char_traitsIcESaIcEEEENS_10My_CompareIS9_St7greaterIiEEEE4sizeEv
FNDA:6,_ZNK3s215BTreeISt4pairIKiNSt7__cxx1112basic_stringIcSt11char_traitsIcESaIcEEEENS_10My_CompareIS9_St7greaterIiEEEE11not_equallyERKS9_SG_
FNDA:2,_ZN3s2111ClosestLeftIKNS_13StructGeneralISt4pairIKiNSt7__cxx1112basic_stringIcSt11char_traitsIcESaIcEEEEEEEEPT_SE_
FNDA:25,_ZN3s215BTreeISt4pairIKiiENS_10My_CompareIS3_St7greaterIiEEEEC2IPKS3_EET_SC_b
FNDA:12,_ZNK3s215BTreeINSt7__cxx1112basic_stringIcSt11char_traitsIcESaIcEEESt4lessIS6_EEneERS9_
FNDA:2,_ZN3s215BTreeINSt7__cxx1112basic_stringIcSt11char_traitsIcESaIcEEESt7greaterIS6_EEC2ERKS9_
FNDA:48,_ZN3s215BTreeISt4pairIKiNSt7__cxx1112basic_stringIcSt11char_traitsIcESaIcEEEENS_10My_CompareIS9_St4lessIiEEEED2Ev
FNDA:159,_ZN3s2112ClosestRightINS_13StructGeneralISt4pairIKiNSt7__cxx1112basic_stringIcSt11char_traitsIcESaIcEEEEEEEEPT_SD_
FNDA:2,_ZN3s215BTreeINSt7__cxx1112basic_stringIcSt11char_traitsIcESaIcEEESt4lessIS6_EE14ArgumentParserIJPKcSC_SC_EEEvRSt6vectorISt4pairINS_15IteratorGeneralIS6_S8_EEbESaISH_EEbOS6_DpT_
FNDA:1,_ZN3s2120IteratorGeneralConstINSt7__cxx1112basic_stringIcSt11char_traitsIcESaIcEEESt4lessIS6_EEmmEi
FNDA:1,_ZN3s215BTreeISt4pairIKiiENS_10My_CompareIS3_St4lessIiEEEE8LeftTurnEPNS_13StructGeneralIS3_EE
FNDA:18,_ZN3s215BTreeINSt7__cxx1112basic_stringIcSt11char_traitsIcESaIcEEESt7greaterIS6_EE14InsertStandartEPNS_13StructGeneralIS6_EERKS6_b
FNDA:9,_ZN3s2115IteratorGeneralISt4pairIKiNSt7__cxx1112basic_stringIcSt11char_traitsIcESaIcEEEENS_10My_CompareIS9_St7greaterIiEEEEC2EPNS_13StructGeneralIS9_EEm
FNDA:4,_ZN3s215BTreeIiSt7greaterIiEE4swapERS3_
FNDA:149,_ZNK3s2120IteratorGeneralConstISt4pairIKiNSt7__cxx1112basic_stringIcSt11char_traitsIcESaIcEEEENS_10My_CompareIS9_St4lessIiEEEEneERKSE_
FNDA:21,_ZNK3s2120IteratorGeneralConstIiSt4lessIiEEdeEv
FNDA:1,_ZNK3s215BTreeISt4pairIKiNSt7__cxx1112basic_stringIcSt11char_traitsIcESaIcEEEENS_10My_CompareIS9_St7greaterIiEEEEgeERSE_
FNDA:6,_ZNK3s215BTreeISt4pairIKiNSt7__cxx1112basic_stringIcSt11char_traitsIcESaIcEEEENS_10My_CompareIS9_St7greaterIiEEEE14ComparisonListERKSE_
FNDA:32,_ZN3s215BTreeIiSt7greaterIiEE3endEv
FNDA:98,_ZN3s2115IteratorGeneralISt4pairIKiiENS_10My_CompareIS3_St4lessIiEEEEC2EPNS_13StructGeneralIS3_EEm
FNDA:6,_ZNK3s215BTreeIiSt4lessIiEE11lower_boundERKi
FNDA:9,_ZN3s215BTreeIiSt7greaterIiEE5eraseENS_15IteratorGeneralIiS2_EEb
FNDA:19,_ZN3s215BTreeISt4pairIKiNSt7__cxx1112basic_stringIcSt11char_traitsIcESaIcEEEENS_10My_CompareIS9_St4lessIiEEEEC2ERKSE_
FNDA:92,_ZN3s2115IteratorGeneralISt4pairIKiiENS_10My_CompareIS3_St7greaterIiEEEEppEv
FNDA:88,_ZNK3s2120IteratorGeneralConstISt4pairIKiiENS_10My_CompareIS3_St7greaterIiEEEEneERKS8_
FNDA:5,_ZN3s215BTreeIiSt7greaterIiEEC2ERKS3_
FNDA:197,_ZNK3s215BTreeIiSt7greaterIiEE11not_equallyERKiS5_
FNDA:93,_ZNK3s2115IteratorGeneralIiSt7greaterIiEEdeEv
FNDA:11,_ZN3s215BTreeINSt7__cxx1112basic_stringIcSt11char_traitsIcESaIcEEESt4lessIS6_EE4findERKS6_
FNDA:12,_ZN3s215BTreeISt4pairIKiiENS_10My_CompareIS3_St7greaterIiEEEE3endEv
FNDA:2,_ZN3s215BTreeISt4pairIKiiENS_10My_CompareIS3_St7greaterIiEEEE4swapERS8_
FNDA:10,_ZN3s2111ClosestLeftINS_13StructGeneralINSt7__cxx1112basic_stringIcSt11char_traitsIcESaIcEEEEEEEPT_SA_
FNDA:323,_ZN3s2115IteratorGeneralIiSt7greaterIiEEC2EPNS_13StructGeneralIiEEm
FNDA:2,_ZN3s2115IteratorGeneralIiSt7greaterIiEEmmEi
FNDA:19,_ZN3s215BTreeISt4pairIKiiENS_10My_CompareIS3_St7greaterIiEEEE5beginEv
FNDA:2,_ZN3s215BTreeINSt7__cxx1112basic_stringIcSt11char_traitsIcESaIcEEESt4lessIS6_EE9swap_nodeEPNS_13StructGeneralIS6_EESC_
FNDA:308,_ZN3s2113StructGeneralISt4pairIKiNSt7__cxx1112basic_stringIcSt11char_traitsIcESaIcEEEEEC2ES9_
FNDA:5,_ZNK3s215BTreeISt4pairIKiiENS_10My_CompareIS3_St7greaterIiEEEEgeERS8_
FNDA:68,_ZN3s215BTreeISt4pairIKiiENS_10My_CompareIS3_St4lessIiEEEE14InsertStandartEPNS_13StructGeneralIS3_EERKS3_b
FNDA:9,_ZN3s215BTreeISt4pairIKiNSt7__cxx1112basic_stringIcSt11char_traitsIcESaIcEEEENS_10My_CompareIS9_St7greaterIiEEEE6insertERKS9_b
FNDA:1,_ZNK3s2120IteratorGeneralConstINSt7__cxx1112basic_stringIcSt11char_traitsIcESaIcEEESt4lessIS6_EEeqERKS9_
FNDA:5,_ZNK3s2120IteratorGeneralConstISt4pairIKiiENS_10My_CompareIS3_St4lessIiEEEEneERKS8_
FNDA:10,_ZN3s215BTreeIiSt7greaterIiEE4findERKi
FNDA:21,_ZN3s215BTreeISt4pairIKiNSt7__cxx1112basic_stringIcSt11char_traitsIcESaIcEEEENS_10My_CompareIS9_St4lessIiEEEE4findERKS9_
FNDA:10,_ZNK3s215BTreeIiSt7greaterIiEEeqERS3_
FNDA:2,_ZNK3s215BTreeINSt7__cxx1112basic_stringIcSt11char_traitsIcESaIcEEESt7greaterIS6_EEleERS9_
FNDA:2,_ZN3s215BTreeINSt7__cxx1112basic_stringIcSt11char_traitsIcESaIcEEESt7greaterIS6_EEaSERKS9_
FNDA:26,_ZNK3s215BTreeINSt7__cxx1112basic_stringIcSt11char_traitsIcESaIcEEESt7greaterIS6_EE5beginEv
FNDA:10,_ZNK3s215BTreeIiSt7greaterIiEEneERS3_
FNDA:6,_ZN3s215BTreeIiSt4lessIiEE11lower_boundERKi
FNDA:650,_ZN3s2120IteratorGeneralConstINSt7__cxx1112basic_stringIcSt11char_traitsIcESaIcEEESt4lessIS6_EEppEi
FNDA:19,_ZN3s215BTreeISt4pairIKiiENS_10My_CompareIS3_St4lessIiEEEE5clearEv
FNDA:7,_ZNK3s2120IteratorGeneralConstISt4pairIKiiENS_10My_CompareIS3_St4lessIiEEEEdeEv
FNDA:11,_ZN3s215BTreeISt4pairIKiiENS_10My_CompareIS3_St7greaterIiEEEE5EraseEPNS_13StructGeneralIS3_EE
FNDA:39,_ZN3s215BTreeIiSt4lessIiEE5clearEv
FNDA:6,_ZNK3s215BTreeIiSt7greaterIiEE5countERKi
FNDA:2,_ZNK3s215BTreeINSt7__cxx1112basic_stringIcSt11char_traitsIcESaIcEEESt7greaterIS6_EEgtERS9_
FNDA:5,_ZNK3s215BTreeISt4pairIKiNSt7__cxx1112basic_stringIcSt11char_traitsIcESaIcEEEENS_10My_CompareIS9_St4lessIiEEEEgeERSE_
FNDA:2,_ZN3s215BTreeIiSt7greaterIiEE14ArgumentParserIJiEEEvRSt6vectorISt4pairINS_15IteratorGeneralIiS2_EEbESaIS9_EEbOiDpT_
FNDA:173,_ZNK3s215BTreeINSt7__cxx1112basic_stringIcSt11char_traitsIcESaIcEEESt4lessIS6_EE4sizeEv
FNDA:226,_ZN3s215BTreeIiSt7greaterIiEE7FreeSetEPNS_13StructGeneralIiEE
FNDA:9,_ZN3s215BTreeISt4pairIKiNSt7__cxx1112basic_stringIcSt11char_traitsIcESaIcEEEENS_10My_CompareIS9_St7greaterIiEEEE10AdjustmentEPNS_13StructGeneralIS9_EE
FNDA:234,_ZN3s215BTreeIiSt7greaterIiEE6insertERKib
FNDA:32,_ZN3s215BTreeIiSt7greaterIiEE9RightTurnEPNS_13StructGeneralIiEE
FNDA:12,_ZN3s2115IteratorGeneralISt4pairIKiiENS_10My_CompareIS3_St4lessIiEEEEppEv
FNDA:3,_ZN3s215BTreeIiSt7greaterIiEE11equal_rangeERKi
FNDA:5,_ZNK3s215BTreeISt4pairIKiNSt7__cxx1112basic_stringIcSt11char_traitsIcESaIcEEEENS_10My_CompareIS9_St4lessIiEEEEltERSE_
FNDA:68,_ZN3s215BTreeISt4pairIKiiENS_10My_CompareIS3_St4lessIiEEEE7FreeSetEPNS_13StructGeneralIS3_EE
FNDA:2,_ZN3s215BTreeIiSt7greaterIiEE14ArgumentParserERSt6vectorISt4pairINS_15IteratorGeneralIiS2_EEbESaIS8_EEb
FNDA:1,_ZN3s215BTreeISt4pairIKiNSt7__cxx1112basic_stringIcSt11char_traitsIcESaIcEEEENS_10My_CompareIS9_St4lessIiEEEEC2INS_15IteratorGeneralIS9_SD_EEEET_SI_b
FNDA:263,_ZN3s215BTreeISt4pairIKiiENS_10My_CompareIS3_St7greaterIiEEEE10AdjustmentEPNS_13StructGeneralIS3_EE
FNDA:5,_ZNK3s215BTreeISt4pairIKiNSt7__cxx1112basic_stringIcSt11char_traitsIcESaIcEEEENS_10My_CompareIS9_St4lessIiEEEEgtERSE_
FNDA:12,_ZNK3s215BTreeINSt7__cxx1112basic_stringIcSt11char_traitsIcESaIcEEESt4lessIS6_EEgtERS9_
FNDA:5,_ZNK3s215BTreeISt4pairIKiNSt7__cxx1112basic_stringIcSt11char_traitsIcESaIcEEEENS_10My_CompareIS9_St4lessIiEEEEleERSE_
FNDA:232,_ZN3s215BTreeISt4pairIKiNSt7__cxx1112basic_stringIcSt11char_traitsIcESaIcEEEENS_10My_CompareIS9_St4lessIiEEEE7FreeSetEPNS_13StructGeneralIS9_EE
FNDA:9,_ZNK3s215BTreeISt4pairIKiiENS_10My_CompareIS3_St4lessIiEEEE8SmallestEPNS_13StructGeneralIS3_EE
FNDA:207,_ZN3s2120IteratorGeneralConstISt4pairIKiiENS_10My_CompareIS3_St7greaterIiEEEEppEi
FNDA:10,_ZN3s215BTreeINSt7__cxx1112basic_stringIcSt11char_traitsIcESaIcEEESt4lessIS6_EE14ArgumentParserIJPKcSC_EEEvRSt6vectorISt4pairINS_15IteratorGeneralIS6_S8_EEbESaISH_EEbOS6_DpT_
FNDA:13,_ZN3s215BTreeINSt7__cxx1112basic_stringIcSt11char_traitsIcESaIcEEESt4lessIS6_EEC2ERKS9_
FNDA:87,_ZN3s215BTreeIiSt4lessIiEE9RightTurnEPNS_13StructGeneralIiEE
FNDA:3,_ZN3s215BTreeISt4pairIKiNSt7__cxx1112basic_stringIcSt11char_traitsIcESaIcEEEENS_10My_CompareIS9_St7greaterIiEEEE12CreateAnchorEv
FNDA:227,_ZNK3s215BTreeISt4pairIKiNSt7__cxx1112basic_stringIcSt11char_traitsIcESaIcEEEENS_10My_CompareIS9_St4lessIiEEEE11not_equallyERKS9_SG_
FNDA:4,_ZN3s215BTreeINSt7__cxx1112basic_stringIcSt11char_traitsIcESaIcEEESt7greaterIS6_EEC2IPKS6_EET_SD_b
FNDA:1,_ZNK3s215BTreeISt4pairIKiNSt7__cxx1112basic_stringIcSt11char_traitsIcESaIcEEEENS_10My_CompareIS9_St7greaterIiEEEE3endEv
FNDA:16,_ZN3s215BTreeISt4pairIKiiENS_10My_CompareIS3_St4lessIiEEEE3endEv
FNDA:14,_ZNK3s215BTreeIiSt4lessIiEE5countERKi
FNDA:348,_ZN3s2120IteratorGeneralConstISt4pairIKiNSt7__cxx1112basic_stringIcSt11char_traitsIcESaIcEEEENS_10My_CompareIS9_St4lessIiEEEEppEi
FNDA:2,_ZNK3s215BTreeISt4pairIKiiENS_10My_CompareIS3_St7greaterIiEEEE5emptyEv
FNDA:28,_ZN3s2120IteratorGeneralConstINSt7__cxx1112basic_stringIcSt11char_traitsIcESaIcEEESt7greaterIS6_EEC2EPNS_13StructGeneralIS6_EEm
FNDA:2,_ZNK3s215BTreeISt4pairIKiiENS_10My_CompareIS3_St4lessIiEEEE5beginEv
FNDA:170,_ZN3s215BTreeISt4pairIKiiENS_10My_CompareIS3_St7greaterIiEEEE7FreeSetEPNS_13StructGeneralIS3_EE
FNDA:3,_ZN3s215BTreeISt4pairIKiiENS_10My_CompareIS3_St4lessIiEEEE4swapERS8_
FNDA:2,_ZN3s2115IteratorGeneralINSt7__cxx1112basic_stringIcSt11char_traitsIcESaIcEEESt4lessIS6_EEmmEi
FNDA:7,_ZN3s2111ClosestLeftINS_13StructGeneralISt4pairIKiiEEEEEPT_S7_
FNDA:87,_ZN3s2112ClosestRightINS_13StructGeneralINSt7__cxx1112basic_stringIcSt11char_traitsIcESaIcEEEEEEEPT_SA_
FNDA:1,_ZN3s215BTreeISt4pairIKiNSt7__cxx1112basic_stringIcSt11char_traitsIcESaIcEEEENS_10My_CompareIS9_St4lessIiEEEE5mergeERSE_b
FNDA:2,_ZN3s215BTreeIiSt7greaterIiEE7emplaceIJiiiEEESt6vectorISt4pairINS_15IteratorGeneralIiS2_EEbESaIS9_EEbDpOT_
FNDA:20,_ZN3s215BTreeINSt7__cxx1112basic_stringIcSt11char_traitsIcESaIcEEESt4lessIS6_EE8LeftTurnEPNS_13StructGeneralIS6_EE
FNDA:12,_ZNK3s215BTreeINSt7__cxx1112basic_stringIcSt11char_traitsIcESaIcEEESt4lessIS6_EEltERS9_
FNDA:4,_ZN3s2115IteratorGeneralISt4pairIKiiENS_10My_CompareIS3_St7greaterIiEEEEmmEv
FNDA:255,_ZNK3s2120IteratorGeneralConstISt4pairIKiiENS_10My_CompareIS3_St7greaterIiEEEEdeEv
FNDA:5,_ZNK3s215BTreeISt4pairIKiNSt7__cxx1112basic_stringIcSt11char_traitsIcESaIcEEEENS_10My_CompareIS9_St4lessIiEEEEneERSE_
FNDA:35,_ZN3s215BTreeISt4pairIKiiENS_10My_CompareIS3_St4lessIiEEEE9RightTurnEPNS_13StructGeneralIS3_EE
FNDA:5,_ZNK3s215BTreeISt4pairIKiiENS_10My_CompareIS3_St7greaterIiEEEEltERS8_
FNDA:78,_ZNK3s2120IteratorGeneralConstINSt7__cxx1112basic_stringIcSt11char_traitsIcESaIcEEESt7greaterIS6_EEdeEv
FNDA:2,_ZN3s215BTreeIiSt7greaterIiEE14ArgumentParserIJEEEvRSt6vectorISt4pairINS_15IteratorGeneralIiS2_EEbESaIS9_EEbOiDpT_
FNDA:13,_ZNK3s215BTreeISt4pairIKiNSt7__cxx1112basic_stringIcSt11char_traitsIcESaIcEEEENS_10My_CompareIS9_St7greaterIiEEEE5beginEv
FNDA:13,_ZNK3s215BTreeISt4pairIKiiENS_10My_CompareIS3_St4lessIiEEEE4findERKS3_
FNDA:10,_ZN3s215BTreeINSt7__cxx1112basic_stringIcSt11char_traitsIcESaIcEEESt4lessIS6_EE14ArgumentParserIJPKcEEEvRSt6vectorISt4pairINS_15IteratorGeneralIS6_S8_EEbESaISH_EEbOS6_DpT_
FNDA:2,_ZN3s215BTreeISt4pairIKiNSt7__cxx1112basic_stringIcSt11char_traitsIcESaIcEEEENS_10My_CompareIS9_St4lessIiEEEE4swapERSE_
FNDA:135,_ZN3s2115IteratorGeneralISt4pairIKiNSt7__cxx1112basic_stringIcSt11char_traitsIcESaIcEEEENS_10My_CompareIS9_St4lessIiEEEEppEi
FNDA:311,_ZNK3s215BTreeISt4pairIKiiENS_10My_CompareIS3_St7greaterIiEEEE12FindPositionEPNS_13StructGeneralIS3_EERKS3_
FNDA:4,_ZNK3s2115IteratorGeneralISt4pairIKiNSt7__cxx1112basic_stringIcSt11char_traitsIcESaIcEEEENS_10My_CompareIS9_St4lessIiEEEEptEv
FNDA:6,_ZN3s215BTreeINSt7__cxx1112basic_stringIcSt11char_traitsIcESaIcEEESt7greaterIS6_EED2Ev
FNDA:1,_ZN3s215BTreeISt4pairIKiNSt7__cxx1112basic_stringIcSt11char_traitsIcESaIcEEEENS_10My_CompareIS9_St7greaterIiEEEEaSERKSE_
FNDA:1,_ZNK3s215BTreeISt4pairIKiNSt7__cxx1112basic_stringIcSt11char_traitsIcESaIcEEEENS_10My_CompareIS9_St7greaterIiEEEEeqERSE_
FNDA:70,_ZNK3s215BTreeISt4pairIKiiENS_10My_CompareIS3_St7greaterIiEEEE5beginEv
FNDA:37,_ZN3s215BTreeIiSt4lessIiEE12CreateAnchorEv
FNDA:43,_ZN3s215BTreeISt4pairIKiiENS_10My_CompareIS3_St7greaterIiEEEE10SwapColorsEPNS_13StructGeneralIS3_EE
FNDA:91,_ZN3s215BTreeISt4pairIKiiENS_10My_CompareIS3_St4lessIiEEEE10AdjustmentEPNS_13StructGeneralIS3_EE
FNDA:5,_ZN3s215BTreeISt4pairIKiNSt7__cxx1112basic_stringIcSt11char_traitsIcESaIcEEEENS_10My_CompareIS9_St4lessIiEEEE14ArgumentParserIJS9_S9_EEEvRSt6vectorIS1_INS_15IteratorGeneralIS9_SD_EEbESaISJ_EEbOS9_DpT_
FNDA:25,_ZN3s215BTreeISt4pairIKiNSt7__cxx1112basic_stringIcSt11char_traitsIcESaIcEEEENS_10My_CompareIS9_St4lessIiEEEE5beginEv
FNDA:2,_ZN3s215BTreeISt4pairIKiNSt7__cxx1112basic_stringIcSt11char_traitsIcESaIcEEEENS_10My_CompareIS9_St7greaterIiEEEE8LeftTurnEPNS_13StructGeneralIS9_EE
FNDA:1,_ZN3s215BTreeISt4pairIKiiENS_10My_CompareIS3_St7greaterIiEEEE14ArgumentParserERSt6vectorIS1_INS_15IteratorGeneralIS3_S7_EEbESaISC_EEb
FNDA:19,_ZN3s215BTreeISt4pairIKiNSt7__cxx1112basic_stringIcSt11char_traitsIcESaIcEEEENS_10My_CompareIS9_St4lessIiEEEE5EraseEPNS_13StructGeneralIS9_EE
FNDA:175,_ZNK3s215BTreeINSt7__cxx1112basic_stringIcSt11char_traitsIcESaIcEEESt4lessIS6_EE5beginEv
FNDA:14,_ZN3s215BTreeINSt7__cxx1112basic_stringIcSt11char_traitsIcESaIcEEESt4lessIS6_EE5eraseENS_15IteratorGeneralIS6_S8_EEb
FNDA:6,_ZNK3s215BTreeIiSt4lessIiEE8containsERKi
FNDA:5,_ZN3s215BTreeISt4pairIKiNSt7__cxx1112basic_stringIcSt11char_traitsIcESaIcEEEENS_10My_CompareIS9_St4lessIiEEEE14ArgumentParserIJS9_EEEvRSt6vectorIS1_INS_15IteratorGeneralIS9_SD_EEbESaISJ_EEbOS9_DpT_
FNDA:1,_ZN3s215BTreeISt4pairIKiiENS_10My_CompareIS3_St7greaterIiEEEEaSERKS8_
FNDA:5,_ZNK3s215BTreeISt4pairIKiiENS_10My_CompareIS3_St7greaterIiEEEEgtERS8_
FNDA:1,_ZNK3s215BTreeISt4pairIKiNSt7__cxx1112basic_stringIcSt11char_traitsIcESaIcEEEENS_10My_CompareIS9_St7greaterIiEEEEleERSE_
FNDA:3,_ZNK3s2120IteratorGeneralConstISt4pairIKiiENS_10My_CompareIS3_St4lessIiEEEEeqERKS8_
FNDA:23,_ZN3s215BTreeIiSt7greaterIiEE5beginEv
FNDA:89,_ZNK3s215BTreeISt4pairIKiiENS_10My_CompareIS3_St7greaterIiEEEE8SmallestEPNS_13StructGeneralIS3_EE
FNDA:34,_ZN3s2120IteratorGeneralConstISt4pairIKiiENS_10My_CompareIS3_St4lessIiEEEEC2EPNS_13StructGeneralIS3_EEm
FNDA:29,_ZN3s215BTreeINSt7__cxx1112basic_stringIcSt11char_traitsIcESaIcEEESt4lessIS6_EE3endEv
FNDA:4,_ZN3s215BTreeINSt7__cxx1112basic_stringIcSt11char_traitsIcESaIcEEESt7greaterIS6_EE8LeftTurnEPNS_13StructGeneralIS6_EE
FNDA:179,_ZN3s215BTreeISt4pairIKiiENS_10My_CompareIS3_St7greaterIiEEEE14InsertStandartEPNS_13StructGeneralIS3_EERKS3_b
FNDA:201,_ZNK3s215BTreeINSt7__cxx1112basic_stringIcSt11char_traitsIcESaIcEEESt4lessIS6_EE8SmallestEPNS_13StructGeneralIS6_EE
FNDA:10,_ZNK3s2115IteratorGeneralISt4pairIKiNSt7__cxx1112basic_stringIcSt11char_traitsIcESaIcEEEENS_10My_CompareIS9_St4lessIiEEEEneERKSE_
FNDA:5,_ZNK3s215BTreeIiSt4lessIiEE5beginEv
FNDA:135,_ZNK3s215BTreeIiSt7greaterIiEE4sizeEv
FNDA:4,_ZNK3s215BTreeISt4pairIKiiENS_10My_CompareIS3_St4lessIiEEEE4sizeEv
FNDA:125,_ZNK3s215BTreeIiSt7greaterIiEE5beginEv
FNDA:6,_ZN3s215BTreeINSt7__cxx1112basic_stringIcSt11char_traitsIcESaIcEEESt4lessIS6_EE7emplaceIJRA2_KcSD_SD_EEESt6vectorISt4pairINS_15IteratorGeneralIS6_S8_EEbESaISI_EEbDpOT_
FNDA:2,_ZNK3s2115IteratorGeneralINSt7__cxx1112basic_stringIcSt11char_traitsIcESaIcEEESt4lessIS6_EEeqERKS9_
FNDA:1,_ZN3s215BTreeISt4pairIKiiENS_10My_CompareIS3_St4lessIiEEEEC2EOS8_
FNDA:4,_ZNK3s215BTreeIiSt7greaterIiEE5emptyEv
FNDA:7,_ZN3s215BTreeISt4pairIKiiENS_10My_CompareIS3_St4lessIiEEEE5beginEv
FNDA:6,_ZN3s215BTreeIiSt4lessIiEE4swapERS3_
FNDA:106,_ZNK3s2115IteratorGeneralISt4pairIKiiENS_10My_CompareIS3_St7greaterIiEEEEdeEv
FNDA:14,_ZN3s215BTreeIiSt4lessIiEE5beginEv
FNDA:2,_ZN3s215BTreeIiSt7greaterIiEEC2INS_15IteratorGeneralIiS2_EEEET_S7_b
FNDA:60,_ZNK3s215BTreeIiSt7greaterIiEE14ComparisonListERKS3_
FNDA:12,_ZNK3s215BTreeINSt7__cxx1112basic_stringIcSt11char_traitsIcESaIcEEESt4lessIS6_EEgeERS9_
FNDA:357,_ZNK3s215BTreeIiSt4lessIiEE12FindPositionEPNS_13StructGeneralIiEERKi
FNDA:112,_ZN3s2112ClosestRightINS_13StructGeneralIiEEEEPT_S4_
FNDA:2,_ZN3s215BTreeIiSt7greaterIiEEaSERKS3_
FNDA:112,_ZNK3s215BTreeISt4pairIKiNSt7__cxx1112basic_stringIcSt11char_traitsIcESaIcEEEENS_10My_CompareIS9_St4lessIiEEEE8SmallestEPNS_13StructGeneralIS9_EE
FNDA:10,_ZN3s215BTreeISt4pairIKiiENS_10My_CompareIS3_St7greaterIiEEEEC2ERKS8_
FNDA:207,_ZN3s2112ClosestRightIKNS_13StructGeneralISt4pairIKiiEEEEEPT_S8_
FNDA:7,_ZN3s2111ClosestLeftINS_13StructGeneralISt4pairIKiNSt7__cxx1112basic_stringIcSt11char_traitsIcESaIcEEEEEEEEPT_SD_
FNDA:707,_ZNK3s2120IteratorGeneralConstINSt7__cxx1112basic_stringIcSt11char_traitsIcESaIcEEESt4lessIS6_EEdeEv
FNDA:33,_ZN3s215BTreeISt4pairIKiNSt7__cxx1112basic_stringIcSt11char_traitsIcESaIcEEEENS_10My_CompareIS9_St4lessIiEEEE3endEv
FNDA:20,_ZNK3s2115IteratorGeneralINSt7__cxx1112basic_stringIcSt11char_traitsIcESaIcEEESt4lessIS6_EEneERKS9_
FNDA:268,_ZN3s215BTreeIiSt7greaterIiEE10AdjustmentEPNS_13StructGeneralIiEE
FNDA:1,_ZN3s215BTreeISt4pairIKiiENS_10My_CompareIS3_St4lessIiEEEEaSEOS8_
FNDA:2,_ZNK3s215BTreeINSt7__cxx1112basic_stringIcSt11char_traitsIcESaIcEEESt7greaterIS6_EEltERS9_
FNDA:1,_ZN3s215BTreeISt4pairIKiiENS_10My_CompareIS3_St7greaterIiEEEEC2INS_15IteratorGeneralIS3_S7_EEEET_SC_b
FNDA:124,_ZNK3s215BTreeISt4pairIKiiENS_10My_CompareIS3_St4lessIiEEEE12FindPositionEPNS_13StructGeneralIS3_EERKS3_
FNDA:254,_ZN3s215BTreeISt4pairIKiNSt7__cxx1112basic_stringIcSt11char_traitsIcESaIcEEEENS_10My_CompareIS9_St4lessIiEEEE14InsertStandartEPNS_13StructGeneralIS9_EERKS9_b
FNDA:16,_ZN3s215BTreeIiSt4lessIiEE3endEv
FNDA:6,_ZNK3s2115IteratorGeneralISt4pairIKiNSt7__cxx1112basic_stringIcSt11char_traitsIcESaIcEEEENS_10My_CompareIS9_St4lessIiEEEEeqERKSE_
FNDA:5,_ZNK3s215BTreeISt4pairIKiiENS_10My_CompareIS3_St7greaterIiEEEEleERS8_
FNDA:2,_ZN3s215BTreeIiSt7greaterIiEE14ArgumentParserIJiiEEEvRSt6vectorISt4pairINS_15IteratorGeneralIiS2_EEbESaIS9_EEbOiDpT_
FNDA:374,_ZNK3s2120IteratorGeneralConstISt4pairIKiNSt7__cxx1112basic_stringIcSt11char_traitsIcESaIcEEEENS_10My_CompareIS9_St4lessIiEEEEdeEv
FNDA:8,_ZN3s2115IteratorGeneralIiSt7greaterIiEEmmEv
FNDA:1,_ZNK3s215BTreeISt4pairIKiNSt7__cxx1112basic_stringIcSt11char_traitsIcESaIcEEEENS_10My_CompareIS9_St7greaterIiEEEEltERSE_
FNDA:92,_ZN3s2120IteratorGeneralConstIiSt4lessIiEEC2EPNS_13StructGeneralIiEEm
FNDA:2,_ZN3s2120IteratorGeneralConstISt4pairIKiNSt7__cxx1112basic_stringIcSt11char_traitsIcESaIcEEEENS_10My_CompareIS9_St4lessIiEEEEmmEv
FNDA:18,_ZNK3s215BTreeINSt7__cxx1112basic_stringIcSt11char_traitsIcESaIcEEESt4lessIS6_EE3endEv
FNDA:274,_ZNK3s215BTreeINSt7__cxx1112basic_stringIcSt11char_traitsIcESaIcEEESt4lessIS6_EE11not_equallyERKS6_SB_
FNDA:2,_ZNK3s215BTreeINSt7__cxx1112basic_stringIcSt11char_traitsIcESaIcEEESt7greaterIS6_EEgeERS9_
FNDA:58,_ZN3s215BTreeIiSt7greaterIiEE8LeftTurnEPNS_13StructGeneralIiEE
FNDA:8,_ZN3s2120IteratorGeneralConstINSt7__cxx1112basic_stringIcSt11char_traitsIcESaIcEEESt4lessIS6_EEmmEv
FNDA:12,_ZN3s2115IteratorGeneralISt4pairIKiiENS_10My_CompareIS3_St4lessIiEEEEppEi
FNDA:19,_ZN3s215BTreeISt4pairIKiNSt7__cxx1112basic_stringIcSt11char_traitsIcESaIcEEEENS_10My_CompareIS9_St4lessIiEEEE5eraseENS_15IteratorGeneralIS9_SD_EEb
FNDA:2,_ZNK3s215BTreeINSt7__cxx1112basic_stringIcSt11char_traitsIcESaIcEEESt7greaterIS6_EEneERS9_
FNDA:26,_ZN3s215BTreeINSt7__cxx1112basic_stringIcSt11char_traitsIcESaIcEEESt4lessIS6_EE5beginEv
FNDA:2,_ZN3s215BTreeINSt7__cxx1112basic_stringIcSt11char_traitsIcESaIcEEESt4lessIS6_EEC2INS_15IteratorGeneralIS6_S8_EEEET_SD_b
FNDA:12,_ZNK3s215BTreeINSt7__cxx1112basic_stringIcSt11char_traitsIcESaIcEEESt7greaterIS6_EE11not_equallyERKS6_SB_
FNDA:59,_ZN3s215BTreeIiSt7greaterIiEED2Ev
FNDA:1,_ZN3s215BTreeISt4pairIKiNSt7__cxx1112basic_stringIcSt11char_traitsIcESaIcEEEENS_10My_CompareIS9_St7greaterIiEEEE10SwapColorsEPNS_13StructGeneralIS9_EE
FNDA:5,_ZN3s215BTreeISt4pairIKiNSt7__cxx1112basic_stringIcSt11char_traitsIcESaIcEEEENS_10My_CompareIS9_St4lessIiEEEE14ArgumentParserIJEEEvRSt6vectorIS1_INS_15IteratorGeneralIS9_SD_EEbESaISJ_EEbOS9_DpT_
FNDA:158,_ZNK3s215BTreeISt4pairIKiiENS_10My_CompareIS3_St7greaterIiEEEE11not_equallyERKS3_SA_
FNDA:354,_ZN3s2115IteratorGeneralISt4pairIKiNSt7__cxx1112basic_stringIcSt11char_traitsIcESaIcEEEENS_10My_CompareIS9_St4lessIiEEEEC2EPNS_13StructGeneralIS9_EEm
FNDA:58,_ZN3s215BTreeINSt7__cxx1112basic_stringIcSt11char_traitsIcESaIcEEESt4lessIS6_EEC2IPKS6_EET_SD_b
FNDA:9,_ZN3s215BTreeISt4pairIKiiENS_10My_CompareIS3_St4lessIiEEEE4findERKS3_
FNDA:10,_ZN3s215BTreeINSt7__cxx1112basic_stringIcSt11char_traitsIcESaIcEEESt4lessIS6_EE14ArgumentParserERSt6vectorISt4pairINS_15IteratorGeneralIS6_S8_EEbESaISE_EEb
FNDA:30,_ZNK3s215BTreeISt4pairIKiiENS_10My_CompareIS3_St7greaterIiEEEE14ComparisonListERKS8_
FNDA:18,_ZN3s2115IteratorGeneralINSt7__cxx1112basic_stringIcSt11char_traitsIcESaIcEEESt7greaterIS6_EEC2EPNS_13StructGeneralIS6_EEm
FNDA:21,_ZNK3s215BTreeISt4pairIKiNSt7__cxx1112basic_stringIcSt11char_traitsIcESaIcEEEENS_10My_CompareIS9_St4lessIiEEEE3endEv
FNDA:425,_ZNK3s215BTreeINSt7__cxx1112basic_stringIcSt11char_traitsIcESaIcEEESt4lessIS6_EE12FindPositionEPNS_13StructGeneralIS6_EERKS6_
FNDA:79,_ZN3s215BTreeINSt7__cxx1112basic_stringIcSt11char_traitsIcESaIcEEESt4lessIS6_EE5clearEv
FNDA:193,_ZN3s2120IteratorGeneralConstINSt7__cxx1112basic_stringIcSt11char_traitsIcESaIcEEESt4lessIS6_EEC2EPNS_13StructGeneralIS6_EEm
FNDA:14,_ZN3s2120IteratorGeneralConstISt4pairIKiNSt7__cxx1112basic_stringIcSt11char_traitsIcESaIcEEEENS_10My_CompareIS9_St7greaterIiEEEEC2EPNS_13StructGeneralIS9_EEm
FNDA:2,_ZN3s215BTreeIiSt4lessIiEEC2EOS3_
FNDA:1,_ZNK3s2115IteratorGeneralISt4pairIKiiENS_10My_CompareIS3_St7greaterIiEEEEeqERKS8_
FNDA:2,_ZNK3s215BTreeINSt7__cxx1112basic_stringIcSt11char_traitsIcESaIcEEESt7greaterIS6_EEeqERS9_
FNDA:5,_ZNK3s215BTreeISt4pairIKiiENS_10My_CompareIS3_St7greaterIiEEEEeqERS8_
FNDA:154,_ZN3s2120IteratorGeneralConstIiSt7greaterIiEEC2EPNS_13StructGeneralIiEEm
FNDA:4,_ZN3s215BTreeIiSt4lessIiEE4findERKi
FNDA:75,_ZNK3s215BTreeISt4pairIKiiENS_10My_CompareIS3_St7greaterIiEEEE4sizeEv
FNDA:10,_ZN3s215BTreeINSt7__cxx1112basic_stringIcSt11char_traitsIcESaIcEEESt4lessIS6_EE14ArgumentParserIJEEEvRSt6vectorISt4pairINS_15IteratorGeneralIS6_S8_EEbESaISF_EEbOS6_DpT_
FNDA:2,_ZNK3s215BTreeISt4pairIKiiENS_10My_CompareIS3_St4lessIiEEEE8containsERKS3_
FNDA:68,_ZN3s2115IteratorGeneralINSt7__cxx1112basic_stringIcSt11char_traitsIcESaIcEEESt4lessIS6_EEppEi
FNDA:4,_ZN3s215BTreeINSt7__cxx1112basic_stringIcSt11char_traitsIcESaIcEEESt4lessIS6_EEaSERKS9_
FNDA:1,_ZNK3s215BTreeISt4pairIKiNSt7__cxx1112basic_stringIcSt11char_traitsIcESaIcEEEENS_10My_CompareIS9_St7greaterIiEEEEneERSE_
FNDA:381,_ZNK3s2120IteratorGeneralConstIiSt7greaterIiEEdeEv
FNDA:14,_ZNK3s2120IteratorGeneralConstIiSt4lessIiEEneERKS3_
FNDA:2,_ZN3s215BTreeINSt7__cxx1112basic_stringIcSt11char_traitsIcESaIcEEESt7greaterIS6_EE9RightTurnEPNS_13StructGeneralIS6_EE
FNDA:1,_ZN3s215BTreeISt4pairIKiNSt7__cxx1112basic_stringIcSt11char_traitsIcESaIcEEEENS_10My_CompareIS9_St7greaterIiEEEE9RightTurnEPNS_13StructGeneralIS9_EE
FNDA:28,_ZNK3s2115IteratorGeneralISt4pairIKiiENS_10My_CompareIS3_St4lessIiEEEEdeEv
FNDA:94,_ZNK3s2115IteratorGeneralINSt7__cxx1112basic_stringIcSt11char_traitsIcESaIcEEESt4lessIS6_EEdeEv
FNDA:75,_ZN3s215BTreeINSt7__cxx1112basic_stringIcSt11char_traitsIcESaIcEEESt4lessIS6_EE12CreateAnchorEv
FNDA:5,_ZNK3s2115IteratorGeneralISt4pairIKiiENS_10My_CompareIS3_St7greaterIiEEEEneERKS8_
FNDA:52,_ZN3s215BTreeIiSt7greaterIiEEC2IPKiEET_S7_b
FNDA:418,_ZN3s2115IteratorGeneralINSt7__cxx1112basic_stringIcSt11char_traitsIcESaIcEEESt4lessIS6_EEC2EPNS_13StructGeneralIS6_EEm
FNDA:13,_ZNK3s215BTreeISt4pairIKiNSt7__cxx1112basic_stringIcSt11char_traitsIcESaIcEEEENS_10My_CompareIS9_St7greaterIiEEEE8SmallestEPNS_13StructGeneralIS9_EE
FNDA:37,_ZN3s215BTreeIiSt4lessIiEED2Ev
FNDA:16,_ZNK3s215BTreeINSt7__cxx1112basic_stringIcSt11char_traitsIcESaIcEEESt7greaterIS6_EE12FindPositionEPNS_13StructGeneralIS6_EERKS6_
FNDA:3,_ZN3s215BTreeIiSt4lessIiEE11equal_rangeERKi
FNDA:9,_ZN3s215BTreeIiSt7greaterIiEE5EraseEPNS_13StructGeneralIiEE
FNDA:18,_ZN3s215BTreeISt4pairIKiiENS_10My_CompareIS3_St4lessIiEEEE12CreateAnchorEv
FNDA:2,_ZNK3s215BTreeISt4pairIKiiENS_10My_CompareIS3_St4lessIiEEEE5emptyEv
FNDA:26,_ZNK3s215BTreeINSt7__cxx1112basic_stringIcSt11char_traitsIcESaIcEEESt7greaterIS6_EE8SmallestEPNS_13StructGeneralIS6_EE
FNDA:4,_ZN3s215BTreeINSt7__cxx1112basic_stringIcSt11char_traitsIcESaIcEEESt4lessIS6_EE4swapERS9_
FNDA:18,_ZN3s215BTreeINSt7__cxx1112basic_stringIcSt11char_traitsIcESaIcEEESt7greaterIS6_EE10AdjustmentEPNS_13StructGeneralIS6_EE
FNDA:78,_ZN3s2120IteratorGeneralConstINSt7__cxx1112basic_stringIcSt11char_traitsIcESaIcEEESt7greaterIS6_EEppEv
FNDA:32,_ZNK3s2120IteratorGeneralConstIiSt7greaterIiEEneERKS3_
FNDA:51,_ZN3s215BTreeIiSt4lessIiEE10SwapColorsEPNS_13StructGeneralIiEE
FNDA:2,_ZN3s215BTreeIiSt4lessIiEEaSEOS3_
FNDA:404,_ZN3s2113StructGeneralINSt7__cxx1112basic_stringIcSt11char_traitsIcESaIcEEEEC2ES6_
FNDA:10,_ZNK3s215BTreeIiSt7greaterIiEEgtERS3_
FNDA:3,_ZN3s215BTreeISt4pairIKiiENS_10My_CompareIS3_St7greaterIiEEEE9swap_nodeEPNS_13StructGeneralIS3_EESB_
FNDA:2,_ZN3s215BTreeINSt7__cxx1112basic_stringIcSt11char_traitsIcESaIcEEESt4lessIS6_EE14ArgumentParserIJPKcSC_SC_SC_SC_SC_EEEvRSt6vectorISt4pairINS_15IteratorGeneralIS6_S8_EEbESaISH_EEbOS6_DpT_
FNDA:39,_ZN3s2120IteratorGeneralConstISt4pairIKiNSt7__cxx1112basic_stringIcSt11char_traitsIcESaIcEEEENS_10My_CompareIS9_St7greaterIiEEEEppEi
FNDA:92,_ZN3s2120IteratorGeneralConstISt4pairIKiiENS_10My_CompareIS3_St7greaterIiEEEEC2EPNS_13StructGeneralIS3_EEm
FNDA:2,_ZN3s215BTreeINSt7__cxx1112basic_stringIcSt11char_traitsIcESaIcEEESt4lessIS6_EE14ArgumentParserIJPKcSC_SC_SC_EEEvRSt6vectorISt4pairINS_15IteratorGeneralIS6_S8_EEbESaISH_EEbOS6_DpT_
FNDA:26,_ZN3s2115IteratorGeneralIiSt4lessIiEEppEv
FNDA:2,_ZN3s215BTreeINSt7__cxx1112basic_stringIcSt11char_traitsIcESaIcEEESt7greaterIS6_EE10SwapColorsEPNS_13StructGeneralIS6_EE
FNDA:8,_ZNK3s215BTreeIiSt4lessIiEE4sizeEv
FNDA:3,_ZN3s215BTreeISt4pairIKiNSt7__cxx1112basic_stringIcSt11char_traitsIcESaIcEEEENS_10My_CompareIS9_St7greaterIiEEEE5clearEv
FNDA:10,_ZN3s215BTreeINSt7__cxx1112basic_stringIcSt11char_traitsIcESaIcEEESt4lessIS6_EE5EraseEPNS_13StructGeneralIS6_EE
FNDA:19,_ZNK3s215BTreeIiSt4lessIiEE8SmallestEPNS_13StructGeneralIiEE
FNDA:168,_ZNK3s215BTreeIiSt4lessIiEE11not_equallyERKiS5_
FNDA:36,_ZN3s215BTreeISt4pairIKiiENS_10My_CompareIS3_St7greaterIiEEEE12CreateAnchorEv
FNDA:6,_ZN3s215BTreeINSt7__cxx1112basic_stringIcSt11char_traitsIcESaIcEEESt7greaterIS6_EE5clearEv
FNDA:2,_ZN3s215BTreeISt4pairIKiNSt7__cxx1112basic_stringIcSt11char_traitsIcESaIcEEEENS_10My_CompareIS9_St7greaterIiEEEEC2IPKS9_EET_SI_b
FNDA:66,_ZN3s215BTreeISt4pairIKiiENS_10My_CompareIS3_St7greaterIiEEEE9RightTurnEPNS_13StructGeneralIS3_EE
FNDA:9,_ZN3s215BTreeISt4pairIKiNSt7__cxx1112basic_stringIcSt11char_traitsIcESaIcEEEENS_10My_CompareIS9_St4lessIiEEEE8LeftTurnEPNS_13StructGeneralIS9_EE
FNDA:4,_ZNK3s215BTreeIiSt4lessIiEE5emptyEv
FNDA:27,_ZN3s215BTreeISt4pairIKiNSt7__cxx1112basic_stringIcSt11char_traitsIcESaIcEEEENS_10My_CompareIS9_St4lessIiEEEEC2IPKS9_EET_SI_b
FNDA:78,_ZN3s215BTreeINSt7__cxx1112basic_stringIcSt11char_traitsIcESaIcEEESt4lessIS6_EE10SwapColorsEPNS_13StructGeneralIS6_EE
FNDA:1,_ZN3s215BTreeISt4pairIKiiENS_10My_CompareIS3_St7greaterIiEEEE14ArgumentParserIJS3_EEEvRSt6vectorIS1_INS_15IteratorGeneralIS3_S7_EEbESaISD_EEbOS3_DpT_
FNDA:18,_ZN3s215BTreeINSt7__cxx1112basic_stringIcSt11char_traitsIcESaIcEEESt7greaterIS6_EE6insertERKS6_b
FNDA:8,_ZNK3s215BTreeISt4pairIKiNSt7__cxx1112basic_stringIcSt11char_traitsIcESaIcEEEENS_10My_CompareIS9_St7greaterIiEEEE12FindPositionEPNS_13StructGeneralIS9_EERKS9_
FNDA:1,_ZNK3s2115IteratorGeneralISt4pairIKiiENS_10My_CompareIS3_St4lessIiEEEEptEv
FNDA:2,_ZN3s215BTreeINSt7__cxx1112basic_stringIcSt11char_traitsIcESaIcEEESt4lessIS6_EEC2Ev
FNDA:39,_ZN3s2120IteratorGeneralConstISt4pairIKiNSt7__cxx1112basic_stringIcSt11char_traitsIcESaIcEEEENS_10My_CompareIS9_St7greaterIiEEEEppEv
FNDA:140,_ZN3s2115IteratorGeneralISt4pairIKiNSt7__cxx1112basic_stringIcSt11char_traitsIcESaIcEEEENS_10My_CompareIS9_St4lessIiEEEEppEv
FNDA:3,_ZN3s215BTreeIiSt7greaterIiEE9swap_nodeEPNS_13StructGeneralIiEES6_
FNDA:146,_ZN3s215BTreeISt4pairIKiNSt7__cxx1112basic_stringIcSt11char_traitsIcESaIcEEEENS_10My_CompareIS9_St4lessIiEEEE9RightTurnEPNS_13StructGeneralIS9_EE
FNDA:89,_ZNK3s215BTreeISt4pairIKiNSt7__cxx1112basic_stringIcSt11char_traitsIcESaIcEEEENS_10My_CompareIS9_St4lessIiEEEE5beginEv
FNDA:10,_ZN3s215BTreeISt4pairIKiiENS_10My_CompareIS3_St7greaterIiEEEE4findERKS3_
FNDA:80,_ZNK3s215BTreeINSt7__cxx1112basic_stringIcSt11char_traitsIcESaIcEEESt4lessIS6_EE14ComparisonListERKS9_
FNDA:6,_ZNK3s215BTreeIiSt4lessIiEE11upper_boundERKi
FNDA:2,_ZN3s215BTreeINSt7__cxx1112basic_stringIcSt11char_traitsIcESaIcEEESt4lessIS6_EE7emplaceIJRA2_KcRA3_SB_SF_EEESt6vectorISt4pairINS_15IteratorGeneralIS6_S8_EEbESaISK_EEbDpOT_
FNDA:5,_ZNK3s215BTreeISt4pairIKiiENS_10My_CompareIS3_St4lessIiEEEE5countERKS3_
FNDA:2,_ZNK3s2115IteratorGeneralIiSt7greaterIiEEeqERKS3_
FNDA:651,_ZN3s2120IteratorGeneralConstINSt7__cxx1112basic_stringIcSt11char_traitsIcESaIcEEESt4lessIS6_EEppEv
FNDA:340,_ZN3s215BTreeINSt7__cxx1112basic_stringIcSt11char_traitsIcESaIcEEESt4lessIS6_EE14InsertStandartEPNS_13StructGeneralIS6_EERKS6_b
FNDA:20,_ZNK3s215BTreeINSt7__cxx1112basic_stringIcSt11char_traitsIcESaIcEEESt4lessIS6_EEeqERS9_
FNDA:12,_ZNK3s215BTreeINSt7__cxx1112basic_stringIcSt11char_traitsIcESaIcEEESt7greaterIS6_EE14ComparisonListERKS9_
FNDA:164,_ZN3s215BTreeIiSt4lessIiEE6insertERKib
FNDA:10,_ZNK3s215BTreeIiSt7greaterIiEEgeERS3_
FNDA:1,_ZN3s215BTreeISt4pairIKiiENS_10My_CompareIS3_St7greaterIiEEEE14ArgumentParserIJS3_S3_EEEvRSt6vectorIS1_INS_15IteratorGeneralIS3_S7_EEbESaISD_EEbOS3_DpT_
FNDA:115,_ZN3s2112ClosestRightINS_13StructGeneralISt4pairIKiiEEEEEPT_S7_
FNDA:18,_ZN3s215BTreeINSt7__cxx1112basic_stringIcSt11char_traitsIcESaIcEEESt7greaterIS6_EE7FreeSetEPNS_13StructGeneralIS6_EE
FNDA:254,_ZN3s215BTreeISt4pairIKiNSt7__cxx1112basic_stringIcSt11char_traitsIcESaIcEEEENS_10My_CompareIS9_St4lessIiEEEE6insertERKS9_b
FNDA:2,_ZN3s215BTreeINSt7__cxx1112basic_stringIcSt11char_traitsIcESaIcEEESt7greaterIS6_EE4swapERS9_
FNDA:1,_ZN3s215BTreeISt4pairIKiiENS_10My_CompareIS3_St7greaterIiEEEE14ArgumentParserIJS3_S3_S3_EEEvRSt6vectorIS1_INS_15IteratorGeneralIS3_S7_EEbESaISD_EEbOS3_DpT_
FNDA:11,_ZN3s215BTreeISt4pairIKiiENS_10My_CompareIS3_St7greaterIiEEEE5eraseENS_15IteratorGeneralIS3_S7_EEb
FNDA:24,_ZN3s2115IteratorGeneralIiSt4lessIiEEppEi
FNDA:7,_ZNK3s2115IteratorGeneralISt4pairIKiiENS_10My_CompareIS3_St4lessIiEEEEeqERKS8_
FNDA:2,_ZNK3s215BTreeINSt7__cxx1112basic_stringIcSt11char_traitsIcESaIcEEESt7greaterIS6_EE3endEv
FNDA:8,_ZN3s2111ClosestLeftIKNS_13StructGeneralINSt7__cxx1112basic_stringIcSt11char_traitsIcESaIcEEEEEEEPT_SB_
FNF:394
FNH:394
DA:18,1496
DA:26,2043
DA:28,2043
DA:29,657
DA:30,891
DA:31,657
DA:33,1386
DA:34,2431
DA:35,1045
DA:36,1045
DA:39,2043
DA:43,45
DA:45,45
DA:46,38
DA:47,60
DA:48,38
[...]
FN:160,_ZN9__gnu_cxx13new_allocatorISt13_Rb_tree_nodeIiEE9constructIiJRKiEEEvPT_DpOT0_
FN:166,_ZN9__gnu_cxx13new_allocatorISt4pairIN3s2115IteratorGeneralIiSt7greaterIiEEEbEE7destroyIS7_EEvPT_
FN:166,_ZN9__gnu_cxx13new_allocatorISt13_Rb_tree_nodeISt4pairIKiiEEE7destroyIS4_EEvPT_
FN:166,_ZN9__gnu_cxx13new_allocatorISt13_Rb_tree_nodeIiEE7destroyIiEEvPT_
FN:166,_ZN9__gnu_cxx13new_allocatorISt4pairIN3s2115IteratorGeneralINSt7__cxx1112basic_stringIcSt11char_traitsIcESaIcEEESt4lessIS9_EEEbEE7destroyISD_EEvPT_
FN:166,_ZN9__gnu_cxx13new_allocatorISt4pairIN3s2115IteratorGeneralIS1_IKiNSt7__cxx1112basic_stringIcSt11char_traitsIcESaIcEEEENS2_10My_CompareISB_St4lessIiEEEEEbEE7destroyISH_EEvPT_
FN:166,_ZN9__gnu_cxx13new_allocatorISt13_Rb_tree_nodeISt4pairIKiNSt7__cxx1112basic_stringIcSt11char_traitsIcESaIcEEEEEE7destroyISA_EEvPT_
FN:166,_ZN9__gnu_cxx13new_allocatorISt13_Rb_tree_nodeINSt7__cxx1112basic_stringIcSt11char_traitsIcESaIcEEEEE7destroyIS7_EEvPT_
FN:166,_ZN9__gnu_cxx13new_allocatorISt4pairIN3s2115IteratorGeneralIS1_IKiiENS2_10My_CompareIS5_St7greaterIiEEEEEbEE7destroyISB_EEvPT_
FN:197,_ZNK9__gnu_cxx13new_allocatorISt4pairIN3s2115IteratorGeneralIiSt7greaterIiEEEbEE11_M_max_sizeEv
FN:197,_ZNK9__gnu_cxx13new_allocatorISt13_Rb_tree_nodeINSt7__cxx1112basic_stringIcSt11char_traitsIcESaIcEEEEE11_M_max_sizeEv
FN:197,_ZNK9__gnu_cxx13new_allocatorISt13_Rb_tree_nodeIiEE11_M_max_sizeEv
FN:197,_ZNK9__gnu_cxx13new_allocatorINSt7__cxx1112basic_stringIcSt11char_traitsIcESaIcEEEE11_M_max_sizeEv
FN:197,_ZNK9__gnu_cxx13new_allocatorISt4pairIN3s2115IteratorGeneralIS1_IKiNSt7__cxx1112basic_stringIcSt11char_traitsIcESaIcEEEENS2_10My_CompareISB_St4lessIiEEEEEbEE11_M_max_sizeEv
FN:197,_ZNK9__gnu_cxx13new_allocatorISt4pairIN3s2115IteratorGeneralINSt7__cxx1112basic_stringIcSt11char_traitsIcESaIcEEESt4lessIS9_EEEbEE11_M_max_sizeEv
FN:197,_ZNK9__gnu_cxx13new_allocatorISt4pairIN3s2115IteratorGeneralIS1_IKiiENS2_10My_CompareIS5_St7greaterIiEEEEEbEE11_M_max_sizeEv
FN:197,_ZNK9__gnu_cxx13new_allocatorISt13_Rb_tree_nodeISt4pairIKiiEEE11_M_max_sizeEv
FN:197,_ZNK9__gnu_cxx13new_allocatorISt13_Rb_tree_nodeISt4pairIKiNSt7__cxx1112basic_stringIcSt11char_traitsIcESaIcEEEEEE11_M_max_sizeEv
FNDA:2,_ZN9__gnu_cxx13new_allocatorISt4pairIKiNSt7__cxx1112basic_stringIcSt11char_traitsIcESaIcEEEEED2Ev
FNDA:20,_ZN9__gnu_cxx13new_allocatorISt13_Rb_tree_nodeIiEE8allocateEmPKv
FNDA:7,_ZN9__gnu_cxx13new_allocatorISt4pairIN3s2115IteratorGeneralIS1_IKiiENS2_10My_CompareIS5_St7greaterIiEEEEEbEE9constructISB_JSB_EEEvPT_DpOT0_
FNDA:34,_ZN9__gnu_cxx13new_allocatorISt13_Rb_tree_nodeISt4pairIKiNSt7__cxx1112basic_stringIcSt11char_traitsIcESaIcEEEEEED2Ev
FNDA:30,_ZNK9__gnu_cxx13new_allocatorISt4pairIN3s2115IteratorGeneralIS1_IKiNSt7__cxx1112basic_stringIcSt11char_traitsIcESaIcEEEENS2_10My_CompareISB_St4lessIiEEEEEbEE8max_sizeEv
FNDA:17,_ZN9__gnu_cxx13new_allocatorISt13_Rb_tree_nodeISt4pairIKiiEEEC2ERKS6_
FNDA:32,_ZN9__gnu_cxx13new_allocatorISt4pairIN3s2115IteratorGeneralINSt7__cxx1112basic_stringIcSt11char_traitsIcESaIcEEESt4lessIS9_EEEbEE8allocateEmPKv
FNDA:33,_ZN9__gnu_cxx13new_allocatorINSt7__cxx1112basic_stringIcSt11char_traitsIcESaIcEEEE8allocateEmPKv
FNDA:2,_ZN9__gnu_cxx13new_allocatorISt4pairIN3s2115IteratorGeneralIiSt7greaterIiEEEbEEC2Ev
FNDA:136,_ZN9__gnu_cxx13new_allocatorISt13_Rb_tree_nodeISt4pairIKiNSt7__cxx1112basic_stringIcSt11char_traitsIcESaIcEEEEEE10deallocateEPSB_m
FNDA:5,_ZN9__gnu_cxx13new_allocatorISt4pairIN3s2115IteratorGeneralIS1_IKiNSt7__cxx1112basic_stringIcSt11char_traitsIcESaIcEEEENS2_10My_CompareISB_St4lessIiEEEEEbEED2Ev
FNDA:1,_ZN9__gnu_cxx13new_allocatorISt13_Rb_tree_nodeISt4pairIKiiEEEC2Ev
FNDA:20,_ZN9__gnu_cxx13new_allocatorISt13_Rb_tree_nodeIiEE10deallocateEPS2_m
FNDA:6,_ZN9__gnu_cxx13new_allocatorISt4pairIN3s2115IteratorGeneralIiSt7greaterIiEEEbEE10deallocateEPS7_m
FNDA:61,_ZNK9__gnu_cxx13new_allocatorISt13_Rb_tree_nodeINSt7__cxx1112basic_stringIcSt11char_traitsIcESaIcEEEEE11_M_max_sizeEv
FNDA:10,_ZN9__gnu_cxx13new_allocatorISt4pairIN3s2115IteratorGeneralINSt7__cxx1112basic_stringIcSt11char_traitsIcESaIcEEESt4lessIS9_EEEbEEC2Ev
FNDA:38,_ZN9__gnu_cxx13new_allocatorISt4pairIN3s2115IteratorGeneralINSt7__cxx1112basic_stringIcSt11char_traitsIcESaIcEEESt4lessIS9_EEEbEE7destroyISD_EEvPT_
FNDA:20,_ZN9__gnu_cxx13new_allocatorISt13_Rb_tree_nodeIiEE7destroyIiEEvPT_
FNDA:4,_ZN9__gnu_cxx13new_allocatorISt13_Rb_tree_nodeIiEED2Ev
FNDA:1,_ZN9__gnu_cxx13new_allocatorISt13_Rb_tree_nodeISt4pairIKiNSt7__cxx1112basic_stringIcSt11char_traitsIcESaIcEEEEEEC2Ev
FNDA:20,_ZNK9__gnu_cxx13new_allocatorISt13_Rb_tree_nodeIiEE11_M_max_sizeEv
FNDA:21,_ZN9__gnu_cxx13new_allocatorISt13_Rb_tree_nodeINSt7__cxx1112basic_stringIcSt11char_traitsIcESaIcEEEEED2Ev
FNDA:3,_ZN9__gnu_cxx13new_allocatorISt4pairIN3s2115IteratorGeneralIS1_IKiiENS2_10My_CompareIS5_St7greaterIiEEEEEbEE10deallocateEPSB_m
FNDA:81,_ZN9__gnu_cxx13new_allocatorISt13_Rb_tree_nodeISt4pairIKiiEEE7destroyIS4_EEvPT_
FNDA:1,_ZN9__gnu_cxx13new_allocatorISt13_Rb_tree_nodeIiEEC2Ev
FNDA:53,_ZNK9__gnu_cxx13new_allocatorINSt7__cxx1112basic_stringIcSt11char_traitsIcESaIcEEEE8max_sizeEv
FNDA:18,_ZNK9__gnu_cxx13new_allocatorISt4pairIN3s2115IteratorGeneralIiSt7greaterIiEEEbEE11_M_max_sizeEv
FNDA:0,_ZN9__gnu_cxx13new_allocatorIcED2Ev
FNDA:1,_ZN9__gnu_cxx13new_allocatorISt4pairIN3s2115IteratorGeneralIS1_IKiiENS2_10My_CompareIS5_St7greaterIiEEEEEbEED2Ev
FNDA:1,_ZN9__gnu_cxx13new_allocatorIiEC2ERKS1_
FNDA:0,_ZN9__gnu_cxx13new_allocatorIcEC2Ev
FNDA:2,_ZN9__gnu_cxx13new_allocatorISt4pairIN3s2115IteratorGeneralIiSt7greaterIiEEEbEED2Ev
FNDA:81,_ZN9__gnu_cxx13new_allocatorISt13_Rb_tree_nodeISt4pairIKiiEEE8allocateEmPKv
FNDA:4,_ZN9__gnu_cxx13new_allocatorISt13_Rb_tree_nodeINSt7__cxx1112basic_stringIcSt11char_traitsIcESaIcEEEEEC2Ev
FNDA:5,_ZN9__gnu_cxx13new_allocatorISt4pairIN3s2115IteratorGeneralIS1_IKiNSt7__cxx1112basic_stringIcSt11char_traitsIcESaIcEEEENS2_10My_CompareISB_St4lessIiEEEEEbEEC2Ev
FNDA:3,_ZN9__gnu_cxx13new_allocatorISt13_Rb_tree_nodeIiEEC2ERKS3_
FNDA:12,_ZN9__gnu_cxx13new_allocatorISt4pairIN3s2115IteratorGeneralIiSt7greaterIiEEEbEE9constructIS7_JS7_EEEvPT_DpOT0_
FNDA:17,_ZN9__gnu_cxx13new_allocatorISt13_Rb_tree_nodeINSt7__cxx1112basic_stringIcSt11char_traitsIcESaIcEEEEEC2ERKS9_
FNDA:33,_ZN9__gnu_cxx13new_allocatorISt13_Rb_tree_nodeISt4pairIKiNSt7__cxx1112basic_stringIcSt11char_traitsIcESaIcEEEEEEC2ERKSC_
FNDA:6,_ZN9__gnu_cxx13new_allocatorISt4pairIN3s2115IteratorGeneralIiSt7greaterIiEEEbEE7destroyIS7_EEvPT_
FNDA:0,_ZN9__gnu_cxx13new_allocatorIcEC2ERKS1_
FNDA:15,_ZN9__gnu_cxx13new_allocatorISt4pairIN3s2115IteratorGeneralIS1_IKiNSt7__cxx1112basic_stringIcSt11char_traitsIcESaIcEEEENS2_10My_CompareISB_St4lessIiEEEEEbEE10deallocateEPSH_m
FNDA:64,_ZNK9__gnu_cxx13new_allocatorISt4pairIN3s2115IteratorGeneralINSt7__cxx1112basic_stringIcSt11char_traitsIcESaIcEEESt4lessIS9_EEEbEE8max_sizeEv
FNDA:1,_ZN9__gnu_cxx13new_allocatorISt4pairIKiiEEC2Ev
FNDA:10,_ZN9__gnu_cxx13new_allocatorIiEC2Ev
FNDA:1,_ZN9__gnu_cxx13new_allocatorISt4pairIN3s2115IteratorGeneralIS1_IKiiENS2_10My_CompareIS5_St7greaterIiEEEEEbEEC2Ev
FNDA:1,_ZN9__gnu_cxx13new_allocatorISt4pairIKiiEEC2ERKS4_
FNDA:61,_ZN9__gnu_cxx13new_allocatorISt13_Rb_tree_nodeINSt7__cxx1112basic_stringIcSt11char_traitsIcESaIcEEEEE8allocateEmPKv
FNDA:50,_ZN9__gnu_cxx13new_allocatorINSt7__cxx1112basic_stringIcSt11char_traitsIcESaIcEEEED2Ev
FNDA:136,_ZN9__gnu_cxx13new_allocatorISt13_Rb_tree_nodeISt4pairIKiNSt7__cxx1112basic_stringIcSt11char_traitsIcESaIcEEEEEE7destroyISA_EEvPT_
FNDA:61,_ZN9__gnu_cxx13new_allocatorISt13_Rb_tree_nodeINSt7__cxx1112basic_stringIcSt11char_traitsIcESaIcEEEEE10deallocateEPS8_m
FNDA:76,_ZN9__gnu_cxx13new_allocatorISt4pairIN3s2115IteratorGeneralINSt7__cxx1112basic_stringIcSt11char_traitsIcESaIcEEESt4lessIS9_EEEbEE9constructISD_JSD_EEEvPT_DpOT0_
FNDA:6,_ZN9__gnu_cxx13new_allocatorISt4pairIN3s2115IteratorGeneralIiSt7greaterIiEEEbEE8allocateEmPKv
FNDA:10,_ZN9__gnu_cxx13new_allocatorISt4pairIN3s2115IteratorGeneralINSt7__cxx1112basic_stringIcSt11char_traitsIcESaIcEEESt4lessIS9_EEEbEED2Ev
FNDA:32,_ZN9__gnu_cxx13new_allocatorISt4pairIN3s2115IteratorGeneralINSt7__cxx1112basic_stringIcSt11char_traitsIcESaIcEEESt4lessIS9_EEEbEE10deallocateEPSD_m
FNDA:15,_ZN9__gnu_cxx13new_allocatorISt4pairIN3s2115IteratorGeneralIS1_IKiNSt7__cxx1112basic_stringIcSt11char_traitsIcESaIcEEEENS2_10My_CompareISB_St4lessIiEEEEEbEE7destroyISH_EEvPT_
FNDA:3,_ZN9__gnu_cxx13new_allocatorISt4pairIN3s2115IteratorGeneralIS1_IKiiENS2_10My_CompareIS5_St7greaterIiEEEEEbEE8allocateEmPKv
FNDA:45,_ZNK9__gnu_cxx13new_allocatorISt4pairIN3s2115IteratorGeneralIS1_IKiNSt7__cxx1112basic_stringIcSt11char_traitsIcESaIcEEEENS2_10My_CompareISB_St4lessIiEEEEEbEE11_M_max_sizeEv
FNDA:81,_ZN9__gnu_cxx13new_allocatorISt13_Rb_tree_nodeISt4pairIKiiEEE10deallocateEPS5_m
FNDA:6,_ZNK9__gnu_cxx13new_allocatorISt4pairIN3s2115IteratorGeneralIS1_IKiiENS2_10My_CompareIS5_St7greaterIiEEEEEbEE8max_sizeEv
FNDA:1,_ZN9__gnu_cxx13new_allocatorISt4pairIKiNSt7__cxx1112basic_stringIcSt11char_traitsIcESaIcEEEEEC2ERKSA_
FNDA:136,_ZN9__gnu_cxx13new_allocatorISt13_Rb_tree_nodeISt4pairIKiNSt7__cxx1112basic_stringIcSt11char_traitsIcESaIcEEEEEE8allocateEmPKv
FNDA:86,_ZNK9__gnu_cxx13new_allocatorINSt7__cxx1112basic_stringIcSt11char_traitsIcESaIcEEEE11_M_max_sizeEv
FNDA:30,_ZN9__gnu_cxx13new_allocatorISt4pairIN3s2115IteratorGeneralIS1_IKiNSt7__cxx1112basic_stringIcSt11char_traitsIcESaIcEEEENS2_10My_CompareISB_St4lessIiEEEEEbEE9constructISH_JSH_EEEvPT_DpOT0_
FNDA:136,_ZN9__gnu_cxx13new_allocatorISt13_Rb_tree_nodeISt4pairIKiNSt7__cxx1112basic_stringIcSt11char_traitsIcESaIcEEEEEE9constructISA_JRKSA_EEEvPT_DpOT0_
FNDA:12,_ZNK9__gnu_cxx13new_allocatorISt4pairIN3s2115IteratorGeneralIiSt7greaterIiEEEbEE8max_sizeEv
FNDA:2,_ZN9__gnu_cxx13new_allocatorISt4pairIKiiEED2Ev
FNDA:18,_ZN9__gnu_cxx13new_allocatorISt13_Rb_tree_nodeISt4pairIKiiEEED2Ev
FNDA:3,_ZN9__gnu_cxx13new_allocatorISt4pairIN3s2115IteratorGeneralIS1_IKiiENS2_10My_CompareIS5_St7greaterIiEEEEEbEE7destroyISB_EEvPT_
FNDA:20,_ZN9__gnu_cxx13new_allocatorISt13_Rb_tree_nodeIiEE9constructIiJRKiEEEvPT_DpOT0_
FNDA:33,_ZN9__gnu_cxx13new_allocatorINSt7__cxx1112basic_stringIcSt11char_traitsIcESaIcEEEE10deallocateEPS6_m
FNDA:11,_ZN9__gnu_cxx13new_allocatorIiED2Ev
FNDA:136,_ZNK9__gnu_cxx13new_allocatorISt13_Rb_tree_nodeISt4pairIKiNSt7__cxx1112basic_stringIcSt11char_traitsIcESaIcEEEEEE11_M_max_sizeEv
FNDA:11,_ZN9__gnu_cxx13new_allocatorINSt7__cxx1112basic_stringIcSt11char_traitsIcESaIcEEEEC2ERKS7_
FNDA:15,_ZN9__gnu_cxx13new_allocatorISt4pairIN3s2115IteratorGeneralIS1_IKiNSt7__cxx1112basic_stringIcSt11char_traitsIcESaIcEEEENS2_10My_CompareISB_St4lessIiEEEEEbEE8allocateEmPKv
FNDA:61,_ZN9__gnu_cxx13new_allocatorISt13_Rb_tree_nodeINSt7__cxx1112basic_stringIcSt11char_traitsIcESaIcEEEEE7destroyIS7_EEvPT_
FNDA:9,_ZNK9__gnu_cxx13new_allocatorISt4pairIN3s2115IteratorGeneralIS1_IKiiENS2_10My_CompareIS5_St7greaterIiEEEEEbEE11_M_max_sizeEv
FNDA:39,_ZN9__gnu_cxx13new_allocatorINSt7__cxx1112basic_stringIcSt11char_traitsIcESaIcEEEEC2Ev
FNDA:61,_ZN9__gnu_cxx13new_allocatorISt13_Rb_tree_nodeINSt7__cxx1112basic_stringIcSt11char_traitsIcESaIcEEEEE9constructIS7_JRKS7_EEEvPT_DpOT0_
FNDA:81,_ZNK9__gnu_cxx13new_allocatorISt13_Rb_tree_nodeISt4pairIKiiEEE11_M_max_sizeEv
FNDA:81,_ZN9__gnu_cxx13new_allocatorISt13_Rb_tree_nodeISt4pairIKiiEEE9constructIS4_JRKS4_EEEvPT_DpOT0_
FNDA:1,_ZN9__gnu_cxx13new_allocatorISt4pairIKiNSt7__cxx1112basic_stringIcSt11char_traitsIcESaIcEEEEEC2Ev
FNDA:96,_ZNK9__gnu_cxx13new_allocatorISt4pairIN3s2115IteratorGeneralINSt7__cxx1112basic_stringIcSt11char_traitsIcESaIcEEESt4lessIS9_EEEbEE11_M_max_sizeEv
FNF:83
FNH:80
DA:79,76
DA:82,84
DA:89,160
DA:103,387
DA:111,387
DA:115,0
DA:116,0
DA:117,0
DA:127,387
DA:132,387
DA:145,387
DA:154,165
DA:155,165
DA:160,423
DA:162,423
DA:166,360
DA:168,360
DA:197,552
DA:200,552
LF:19
LH:16
end_of_record
TN:
SF:/usr/include/c++/11/ext/type_traits.h
FN:152,_ZN9__gnu_cxx17__is_null_pointerIcEEbPT_
FN:152,_ZN9__gnu_cxx17__is_null_pointerIKcEEbPT_
FNDA:2449,_ZN9__gnu_cxx17__is_null_pointerIKcEEbPT_
FNDA:0,_ZN9__gnu_cxx17__is_null_pointerIcEEbPT_
FNF:2
FNH:1
DA:152,2449
DA:153,2449
LF:2
LH:2
end_of_record
TN:
SF:/usr/include/c++/11/initializer_list
FN:71,_ZNKSt16initializer_listISt4pairIKiiEE4sizeEv
FN:71,_ZNKSt16initializer_listINSt7__cxx1112basic_stringIcSt11char_traitsIcESaIcEEEE4sizeEv
FN:71,_ZNKSt16initializer_listISt4pairIKiNSt7__cxx1112basic_stringIcSt11char_traitsIcESaIcEEEEE4sizeEv
FN:71,_ZNKSt16initializer_listIiE4sizeEv
FN:75,_ZNKSt16initializer_listISt4pairIKiiEE5beginEv
FN:75,_ZNKSt16initializer_listINSt7__cxx1112basic_stringIcSt11char_traitsIcESaIcEEEE5beginEv
FN:75,_ZNKSt16initializer_listIiE5beginEv
FN:75,_ZNKSt16initializer_listISt4pairIKiNSt7__cxx1112basic_stringIcSt11char_traitsIcESaIcEEEEE5beginEv
FN:79,_ZNKSt16initializer_listINSt7__cxx1112basic_stringIcSt11char_traitsIcESaIcEEEE3endEv
FN:79,_ZNKSt16initializer_listISt4pairIKiNSt7__cxx1112basic_stringIcSt11char_traitsIcESaIcEEEEE3endEv
FN:79,_ZNKSt16initializer_listISt4pairIKiiEE3endEv
FN:79,_ZNKSt16initializer_listIiE3endEv
FNDA:419,_ZNKSt16initializer_listIiE4sizeEv
FNDA:88,_ZNKSt16initializer_listIiE3endEv
FNDA:43,_ZNKSt16initializer_listISt4pairIKiiEE3endEv
FNDA:253,_ZNKSt16initializer_listINSt7__cxx1112basic_stringIcSt11char_traitsIcESaIcEEEE5beginEv
FNDA:236,_ZNKSt16initializer_listIiE5beginEv
FNDA:60,_ZNKSt16initializer_listISt4pairIKiNSt7__cxx1112basic_stringIcSt11char_traitsIcESaIcEEEEE5beginEv
FNDA:30,_ZNKSt16initializer_listISt4pairIKiNSt7__cxx1112basic_stringIcSt11char_traitsIcESaIcEEEEE3endEv
FNDA:775,_ZNKSt16initializer_listINSt7__cxx1112basic_stringIcSt11char_traitsIcESaIcEEEE4sizeEv
FNDA:30,_ZNKSt16initializer_listISt4pairIKiNSt7__cxx1112basic_stringIcSt11char_traitsIcESaIcEEEEE4sizeEv
FNDA:43,_ZNKSt16initializer_listISt4pairIKiiEE4sizeEv
FNDA:65,_ZNKSt16initializer_listINSt7__cxx1112basic_stringIcSt11char_traitsIcESaIcEEEE3endEv
FNDA:86,_ZNKSt16initializer_listISt4pairIKiiEE5beginEv
FNF:12
FNH:12
DA:71,1267
DA:75,635
DA:79,226
LF:3
LH:3
end_of_record
TN:
SF:/usr/include/c++/11/new
FN:174,_ZnwmPv
FN:180,_ZdlPvS_
FNDA:1337,_ZnwmPv
FNDA:0,_ZdlPvS_
FNF:2
FNH:1
DA:174,1337
DA:175,1337
DA:180,0
LF:3
LH:2
end_of_record
TN:
SF:/usr/include/c++/11/tuple
FN:124,_ZNSt10_Head_baseILm1ESt14default_deleteINSt7__cxx1118basic_stringstreamIcSt11char_traitsIcESaIcEEEELb1EE7_M_headERS8_
FN:124,_ZNSt10_Head_baseILm1ESt14default_deleteINSt7__cxx1112basic_stringIcSt11char_traitsIcESaIcEEEELb1EE7_M_headERS8_
FN:233,_ZNSt10_Head_baseILm0EPNSt7__cxx1118basic_stringstreamIcSt11char_traitsIcESaIcEEELb0EE7_M_headERS7_
FN:233,_ZNSt10_Head_baseILm0EPNSt7__cxx1112basic_stringIcSt11char_traitsIcESaIcEEELb0EE7_M_headERS7_
FN:236,_ZNSt10_Head_baseILm0EPNSt7__cxx1112basic_stringIcSt11char_traitsIcESaIcEEELb0EE7_M_headERKS7_
FN:268,_ZNSt11_Tuple_implILm0EJPNSt7__cxx1112basic_stringIcSt11char_traitsIcESaIcEEESt14default_deleteIS5_EEE7_M_headERS9_
FN:268,_ZNSt11_Tuple_implILm0EJPNSt7__cxx1118basic_stringstreamIcSt11char_traitsIcESaIcEEESt14default_deleteIS5_EEE7_M_headERS9_
FN:271,_ZNSt11_Tuple_implILm0EJPNSt7__cxx1112basic_stringIcSt11char_traitsIcESaIcEEESt14default_deleteIS5_EEE7_M_headERKS9_
FN:424,_ZNSt11_Tuple_implILm1EJSt14default_deleteINSt7__cxx1118basic_stringstreamIcSt11char_traitsIcESaIcEEEEEE7_M_headERS8_
FN:424,_ZNSt11_Tuple_implILm1EJSt14default_deleteINSt7__cxx1112basic_stringIcSt11char_traitsIcESaIcEEEEEE7_M_headERS8_
FN:1381,_ZSt12__get_helperILm1ESt14default_deleteINSt7__cxx1112basic_stringIcSt11char_traitsIcESaIcEEEEJEERT0_RSt11_Tuple_implIXT_EJS8_DpT1_EE
FN:1381,_ZSt12__get_helperILm0EPNSt7__cxx1112basic_stringIcSt11char_traitsIcESaIcEEEJSt14default_deleteIS5_EEERT0_RSt11_Tuple_implIXT_EJS9_DpT1_EE
FN:1381,_ZSt12__get_helperILm1ESt14default_deleteINSt7__cxx1118basic_stringstreamIcSt11char_traitsIcESaIcEEEEJEERT0_RSt11_Tuple_implIXT_EJS8_DpT1_EE
FN:1381,_ZSt12__get_helperILm0EPNSt7__cxx1118basic_stringstreamIcSt11char_traitsIcESaIcEEEJSt14default_deleteIS5_EEERT0_RSt11_Tuple_implIXT_EJS9_DpT1_EE
FN:1386,_ZSt12__get_helperILm0EPNSt7__cxx1112basic_stringIcSt11char_traitsIcESaIcEEEJSt14default_deleteIS5_EEERKT0_RKSt11_Tuple_implIXT_EJS9_DpT1_EE
FN:1397,_ZSt3getILm1EJPNSt7__cxx1112basic_stringIcSt11char_traitsIcESaIcEEESt14default_deleteIS5_EEERNSt13tuple_elementIXT_ESt5tupleIJDpT0_EEE4typeERSD_
FN:1397,_ZSt3getILm1EJPNSt7__cxx1118basic_stringstreamIcSt11char_traitsIcESaIcEEESt14default_deleteIS5_EEERNSt13tuple_elementIXT_ESt5tupleIJDpT0_EEE4typeERSD_
FN:1397,_ZSt3getILm0EJPNSt7__cxx1112basic_stringIcSt11char_traitsIcESaIcEEESt14default_deleteIS5_EEERNSt13tuple_elementIXT_ESt5tupleIJDpT0_EEE4typeERSD_
FN:1397,_ZSt3getILm0EJPNSt7__cxx1118basic_stringstreamIcSt11char_traitsIcESaIcEEESt14default_deleteIS5_EEERNSt13tuple_elementIXT_ESt5tupleIJDpT0_EEE4typeERSD_
FN:1403,_ZSt3getILm0EJPNSt7__cxx1112basic_stringIcSt11char_traitsIcESaIcEEESt14default_deleteIS5_EEERKNSt13tuple_elementIXT_ESt5tupleIJDpT0_EEE4typeERKSD_
FNDA:0,_ZNSt10_Head_baseILm0EPNSt7__cxx1112basic_stringIcSt11char_traitsIcESaIcEEELb0EE7_M_headERKS7_
FNDA:692,_ZNSt11_Tuple_implILm0EJPNSt7__cxx1118basic_stringstreamIcSt11char_traitsIcESaIcEEESt14default_deleteIS5_EEE7_M_headERS9_
FNDA:0,_ZSt12__get_helperILm0EPNSt7__cxx1112basic_stringIcSt11char_traitsIcESaIcEEEJSt14default_deleteIS5_EEERKT0_RKSt11_Tuple_implIXT_EJS9_DpT1_EE
FNDA:346,_ZSt3getILm1EJPNSt7__cxx1118basic_stringstreamIcSt11char_traitsIcESaIcEEESt14default_deleteIS5_EEERNSt13tuple_elementIXT_ESt5tupleIJDpT0_EEE4typeERSD_
FNDA:0,_ZNSt11_Tuple_implILm1EJSt14default_deleteINSt7__cxx1112basic_stringIcSt11char_traitsIcESaIcEEEEEE7_M_headERS8_
FNDA:692,_ZSt3getILm0EJPNSt7__cxx1118basic_stringstreamIcSt11char_traitsIcESaIcEEESt14default_deleteIS5_EEERNSt13tuple_elementIXT_ESt5tupleIJDpT0_EEE4typeERSD_
FNDA:1189,_ZSt3getILm0EJPNSt7__cxx1112basic_stringIcSt11char_traitsIcESaIcEEESt14default_deleteIS5_EEERNSt13tuple_elementIXT_ESt5tupleIJDpT0_EEE4typeERSD_
FNDA:692,_ZSt12__get_helperILm0EPNSt7__cxx1118basic_stringstreamIcSt11char_traitsIcESaIcEEEJSt14default_deleteIS5_EEERT0_RSt11_Tuple_implIXT_EJS9_DpT1_EE
FNDA:346,_ZNSt11_Tuple_implILm1EJSt14default_deleteINSt7__cxx1118basic_stringstreamIcSt11char_traitsIcESaIcEEEEEE7_M_headERS8_
FNDA:0,_ZNSt10_Head_baseILm1ESt14default_deleteINSt7__cxx1112basic_stringIcSt11char_traitsIcESaIcEEEELb1EE7_M_headERS8_
FNDA:0,_ZSt12__get_helperILm1ESt14default_deleteINSt7__cxx1112basic_stringIcSt11char_traitsIcESaIcEEEEJEERT0_RSt11_Tuple_implIXT_EJS8_DpT1_EE
FNDA:692,_ZNSt10_Head_baseILm0EPNSt7__cxx1118basic_stringstreamIcSt11char_traitsIcESaIcEEELb0EE7_M_headERS7_
FNDA:346,_ZNSt10_Head_baseILm1ESt14default_deleteINSt7__cxx1118basic_stringstreamIcSt11char_traitsIcESaIcEEEELb1EE7_M_headERS8_
FNDA:0,_ZSt3getILm1EJPNSt7__cxx1112basic_stringIcSt11char_traitsIcESaIcEEESt14default_deleteIS5_EEERNSt13tuple_elementIXT_ESt5tupleIJDpT0_EEE4typeERSD_
FNDA:0,_ZNSt11_Tuple_implILm0EJPNSt7__cxx1112basic_stringIcSt11char_traitsIcESaIcEEESt14default_deleteIS5_EEE7_M_headERKS9_
FNDA:346,_ZSt12__get_helperILm1ESt14default_deleteINSt7__cxx1118basic_stringstreamIcSt11char_traitsIcESaIcEEEEJEERT0_RSt11_Tuple_implIXT_EJS8_DpT1_EE
FNDA:1189,_ZSt12__get_helperILm0EPNSt7__cxx1112basic_stringIcSt11char_traitsIcESaIcEEEJSt14default_deleteIS5_EEERT0_RSt11_Tuple_implIXT_EJS9_DpT1_EE
FNDA:1189,_ZNSt11_Tuple_implILm0EJPNSt7__cxx1112basic_stringIcSt11char_traitsIcESaIcEEESt14default_deleteIS5_EEE7_M_headERS9_
FNDA:0,_ZSt3getILm0EJPNSt7__cxx1112basic_stringIcSt11char_traitsIcESaIcEEESt14default_deleteIS5_EEERKNSt13tuple_elementIXT_ESt5tupleIJDpT0_EEE4typeERKSD_
FNDA:1189,_ZNSt10_Head_baseILm0EPNSt7__cxx1112basic_stringIcSt11char_traitsIcESaIcEEELb0EE7_M_headERS7_
FNF:20
FNH:12
DA:124,346
DA:233,1881
DA:236,0
DA:268,1881
DA:271,0
DA:424,346
DA:1381,2227
DA:1382,2227
DA:1386,0
DA:1387,0
DA:1397,2227
DA:1398,2227
DA:1403,0
DA:1404,0
LF:14
LH:8
end_of_record
TN:
SF:/usr/include/c++/11/typeinfo
FN:99,_ZNKSt9type_info4nameEv
FNDA:0,_ZNKSt9type_info4nameEv
FNF:1
FNH:0
DA:99,0
DA:100,0
LF:2
LH:0
end_of_record
